[Licensing::Module] Trying to connect to existing licensing client channel...
[Licensing::IpcConnector] Successfully connected to: "LicenseClient-admin" at "2026-07-01T03:30:46.4507334Z"
[Licensing::Client] Code 10 while verifying Licensing Client signature (process Id: 17356, path: "H:/UnityEditorFromG/unity/Editor/Data/Resources/Licensing/Client/Unity.Licensing.Client.exe")
[Licensing::Module] LicensingClient has failed validation; ignoring
[Licensing::Client] Handshaking with LicensingClient:
  Version:                 1.16.2+bdef8f5
  Session Id:              4ae171b6df0549dfbd4b62b3ff78a7f1
  Correlation Id:          7ca1905ad7eee30a28dcc4b9c44b183f
  External correlation Id: 7436394777789636553
  Machine Id:              KyWCacI71HsTcmMU7ROxAWRbkWo=
[Licensing::Module] Successfully connected to LicensingClient on channel: "LicenseClient-admin" (connect: 0.00s, validation: 0.01s, handshake: 0.05s)
[Licensing::IpcConnector] Successfully connected to: "LicenseClient-admin-notifications" at "2026-07-01T03:30:46.5145653Z"
[Licensing::Module] Error: Access token is unavailable; failed to update
[Licensing::Client] Error: Code 500 while processing request (status: Unable to update licenses. Errors: Request (POST https://license.unity3d.com/update/poll?cmd=2&tx_id=c619cb06ae534fa2af15ba59993e0099) failed [400 Bad Request]: Bad ULF signature - suspect foul play,Token not found in cache)
[Licensing::Client] Error: Code 500 while updating license in client (status: Unable to update licenses. Errors: Request (POST https://license.unity3d.com/update/poll?cmd=2&tx_id=c619cb06ae534fa2af15ba59993e0099) failed [400 Bad Request]: Bad ULF signature - suspect foul play,Token not found in cache)
Built from '2022.3/staging' branch; Version is '2022.3.62f1 (4af31df58517) revision 4911901'; Using compiler version '192829333'; Build Type 'Release'
OS: 'Windows 10  (10.0.19045) 64bit Professional' Language: 'zh' Physical Memory: 32700 MB
[Licensing::Client] Successfully resolved entitlement details
[Licensing::Module] Serial number assigned to: "F4-QKO8-KK5T-GXJU-BE2Q-XXXX"
BatchMode: 1, IsHumanControllingUs: 0, StartBugReporterOnCrash: 0, Is64bit: 1, IsPro: 1
[Licensing::Client] Successfully resolved entitlement details

COMMAND LINE ARGUMENTS:
H:\UnityEditorFromG\unity\Editor\Unity.exe
-batchmode
-quit
-projectPath
F:\Unityproject\ArrowLevel-Hand
-executeMethod
PixelBug.ArrowMagic.EditorTools.Campaign500FirstAssemblyPreviewBuilder.BuildRhythmV4PreviewPack
-logFile
Exports\Campaign500_FirstAssembly_20260701_RhythmV4\campaign500_rhythm_v4_pack_unity.log
Successfully changed project path to: F:\Unityproject\ArrowLevel-Hand
F:/Unityproject/ArrowLevel-Hand
[UnityMemory] Configuration Parameters - Can be set up in boot.config
    "memorysetup-bucket-allocator-granularity=16"
    "memorysetup-bucket-allocator-bucket-count=8"
    "memorysetup-bucket-allocator-block-size=33554432"
    "memorysetup-bucket-allocator-block-count=8"
    "memorysetup-main-allocator-block-size=16777216"
    "memorysetup-thread-allocator-block-size=16777216"
    "memorysetup-gfx-main-allocator-block-size=16777216"
    "memorysetup-gfx-thread-allocator-block-size=16777216"
    "memorysetup-cache-allocator-block-size=4194304"
    "memorysetup-typetree-allocator-block-size=2097152"
    "memorysetup-profiler-bucket-allocator-granularity=16"
    "memorysetup-profiler-bucket-allocator-bucket-count=8"
    "memorysetup-profiler-bucket-allocator-block-size=33554432"
    "memorysetup-profiler-bucket-allocator-block-count=8"
    "memorysetup-profiler-allocator-block-size=16777216"
    "memorysetup-profiler-editor-allocator-block-size=1048576"
    "memorysetup-temp-allocator-size-main=16777216"
    "memorysetup-job-temp-allocator-block-size=2097152"
    "memorysetup-job-temp-allocator-block-size-background=1048576"
    "memorysetup-job-temp-allocator-reduction-small-platforms=262144"
    "memorysetup-allocator-temp-initial-block-size-main=262144"
    "memorysetup-allocator-temp-initial-block-size-worker=262144"
    "memorysetup-temp-allocator-size-background-worker=32768"
    "memorysetup-temp-allocator-size-job-worker=262144"
    "memorysetup-temp-allocator-size-preload-manager=33554432"
    "memorysetup-temp-allocator-size-nav-mesh-worker=65536"
    "memorysetup-temp-allocator-size-audio-worker=65536"
    "memorysetup-temp-allocator-size-cloud-worker=32768"
    "memorysetup-temp-allocator-size-gi-baking-worker=262144"
    "memorysetup-temp-allocator-size-gfx=262144"
Player connection [51824]  Target information:

Player connection [51824]  * "[IP] 172.18.16.36 [Port] 55505 [Flags] 2 [Guid] 4030163166 [EditorId] 4030163166 [Version] 1048832 [Id] WindowsEditor(7,DESKTOP-UAT1V2Q) [Debug] 1 [PackageName] WindowsEditor [ProjectName] Editor" 

Player connection [51824] Host joined multi-casting on [225.0.0.222:54997]...
Player connection [51824] Host joined alternative multi-casting on [225.0.0.222:34997]...
Input System module state changed to: Initialized.
[PhysX] Initialized MultithreadedTaskDispatcher with 16 workers.
[Package Manager] UpmClient::Connect -- Connected to IPC stream "Upm-45828" after 0.0 seconds.
[Package Manager] Restoring resolved packages state from cache
[Licensing::Client] Successfully resolved entitlement details
[Package Manager] Registered 55 packages:
  Packages from [https://packages.unity.com]:
    com.unity.collab-proxy@2.7.1 (location: F:\Unityproject\ArrowLevel-Hand\Library\PackageCache\com.unity.collab-proxy@2.7.1)
    com.unity.ide.rider@3.0.36 (location: F:\Unityproject\ArrowLevel-Hand\Library\PackageCache\com.unity.ide.rider@3.0.36)
    com.unity.ide.visualstudio@2.0.22 (location: F:\Unityproject\ArrowLevel-Hand\Library\PackageCache\com.unity.ide.visualstudio@2.0.22)
    com.unity.test-framework@1.1.33 (location: F:\Unityproject\ArrowLevel-Hand\Library\PackageCache\com.unity.test-framework@1.1.33)
    com.unity.textmeshpro@3.0.7 (location: F:\Unityproject\ArrowLevel-Hand\Library\PackageCache\com.unity.textmeshpro@3.0.7)
    com.unity.timeline@1.7.7 (location: F:\Unityproject\ArrowLevel-Hand\Library\PackageCache\com.unity.timeline@1.7.7)
    com.unity.visualscripting@1.9.4 (location: F:\Unityproject\ArrowLevel-Hand\Library\PackageCache\com.unity.visualscripting@1.9.4)
    com.unity.ext.nunit@1.0.6 (location: F:\Unityproject\ArrowLevel-Hand\Library\PackageCache\com.unity.ext.nunit@1.0.6)
    com.unity.2d.animation@9.2.0 (location: F:\Unityproject\ArrowLevel-Hand\Library\PackageCache\com.unity.2d.animation@9.2.0)
    com.unity.2d.pixel-perfect@5.1.0 (location: F:\Unityproject\ArrowLevel-Hand\Library\PackageCache\com.unity.2d.pixel-perfect@5.1.0)
    com.unity.2d.psdimporter@8.1.0 (location: F:\Unityproject\ArrowLevel-Hand\Library\PackageCache\com.unity.2d.psdimporter@8.1.0)
    com.unity.2d.spriteshape@9.1.0 (location: F:\Unityproject\ArrowLevel-Hand\Library\PackageCache\com.unity.2d.spriteshape@9.1.0)
    com.unity.2d.tilemap.extras@3.1.3 (location: F:\Unityproject\ArrowLevel-Hand\Library\PackageCache\com.unity.2d.tilemap.extras@3.1.3)
    com.unity.2d.aseprite@1.1.9 (location: F:\Unityproject\ArrowLevel-Hand\Library\PackageCache\com.unity.2d.aseprite@1.1.9)
    com.unity.2d.common@8.1.0 (location: F:\Unityproject\ArrowLevel-Hand\Library\PackageCache\com.unity.2d.common@8.1.0)
    com.unity.mathematics@1.2.6 (location: F:\Unityproject\ArrowLevel-Hand\Library\PackageCache\com.unity.mathematics@1.2.6)
    com.unity.collections@1.2.4 (location: F:\Unityproject\ArrowLevel-Hand\Library\PackageCache\com.unity.collections@1.2.4)
    com.unity.burst@1.8.21 (location: F:\Unityproject\ArrowLevel-Hand\Library\PackageCache\com.unity.burst@1.8.21)
  Built-in packages:
    com.unity.feature.2d@2.0.1 (location: F:\Unityproject\ArrowLevel-Hand\Library\PackageCache\com.unity.feature.2d@2.0.1)
    com.unity.ugui@1.0.0 (location: F:\Unityproject\ArrowLevel-Hand\Library\PackageCache\com.unity.ugui@1.0.0)
    com.unity.modules.ai@1.0.0 (location: F:\Unityproject\ArrowLevel-Hand\Library\PackageCache\com.unity.modules.ai@1.0.0)
    com.unity.modules.androidjni@1.0.0 (location: F:\Unityproject\ArrowLevel-Hand\Library\PackageCache\com.unity.modules.androidjni@1.0.0)
    com.unity.modules.animation@1.0.0 (location: F:\Unityproject\ArrowLevel-Hand\Library\PackageCache\com.unity.modules.animation@1.0.0)
    com.unity.modules.assetbundle@1.0.0 (location: F:\Unityproject\ArrowLevel-Hand\Library\PackageCache\com.unity.modules.assetbundle@1.0.0)
    com.unity.modules.audio@1.0.0 (location: F:\Unityproject\ArrowLevel-Hand\Library\PackageCache\com.unity.modules.audio@1.0.0)
    com.unity.modules.cloth@1.0.0 (location: F:\Unityproject\ArrowLevel-Hand\Library\PackageCache\com.unity.modules.cloth@1.0.0)
    com.unity.modules.director@1.0.0 (location: F:\Unityproject\ArrowLevel-Hand\Library\PackageCache\com.unity.modules.director@1.0.0)
    com.unity.modules.imageconversion@1.0.0 (location: F:\Unityproject\ArrowLevel-Hand\Library\PackageCache\com.unity.modules.imageconversion@1.0.0)
    com.unity.modules.imgui@1.0.0 (location: F:\Unityproject\ArrowLevel-Hand\Library\PackageCache\com.unity.modules.imgui@1.0.0)
    com.unity.modules.jsonserialize@1.0.0 (location: F:\Unityproject\ArrowLevel-Hand\Library\PackageCache\com.unity.modules.jsonserialize@1.0.0)
    com.unity.modules.particlesystem@1.0.0 (location: F:\Unityproject\ArrowLevel-Hand\Library\PackageCache\com.unity.modules.particlesystem@1.0.0)
    com.unity.modules.physics@1.0.0 (location: F:\Unityproject\ArrowLevel-Hand\Library\PackageCache\com.unity.modules.physics@1.0.0)
    com.unity.modules.physics2d@1.0.0 (location: F:\Unityproject\ArrowLevel-Hand\Library\PackageCache\com.unity.modules.physics2d@1.0.0)
    com.unity.modules.screencapture@1.0.0 (location: F:\Unityproject\ArrowLevel-Hand\Library\PackageCache\com.unity.modules.screencapture@1.0.0)
    com.unity.modules.terrain@1.0.0 (location: F:\Unityproject\ArrowLevel-Hand\Library\PackageCache\com.unity.modules.terrain@1.0.0)
    com.unity.modules.terrainphysics@1.0.0 (location: F:\Unityproject\ArrowLevel-Hand\Library\PackageCache\com.unity.modules.terrainphysics@1.0.0)
    com.unity.modules.tilemap@1.0.0 (location: F:\Unityproject\ArrowLevel-Hand\Library\PackageCache\com.unity.modules.tilemap@1.0.0)
    com.unity.modules.ui@1.0.0 (location: F:\Unityproject\ArrowLevel-Hand\Library\PackageCache\com.unity.modules.ui@1.0.0)
    com.unity.modules.uielements@1.0.0 (location: F:\Unityproject\ArrowLevel-Hand\Library\PackageCache\com.unity.modules.uielements@1.0.0)
    com.unity.modules.umbra@1.0.0 (location: F:\Unityproject\ArrowLevel-Hand\Library\PackageCache\com.unity.modules.umbra@1.0.0)
    com.unity.modules.unityanalytics@1.0.0 (location: F:\Unityproject\ArrowLevel-Hand\Library\PackageCache\com.unity.modules.unityanalytics@1.0.0)
    com.unity.modules.unitywebrequest@1.0.0 (location: F:\Unityproject\ArrowLevel-Hand\Library\PackageCache\com.unity.modules.unitywebrequest@1.0.0)
    com.unity.modules.unitywebrequestassetbundle@1.0.0 (location: F:\Unityproject\ArrowLevel-Hand\Library\PackageCache\com.unity.modules.unitywebrequestassetbundle@1.0.0)
    com.unity.modules.unitywebrequestaudio@1.0.0 (location: F:\Unityproject\ArrowLevel-Hand\Library\PackageCache\com.unity.modules.unitywebrequestaudio@1.0.0)
    com.unity.modules.unitywebrequesttexture@1.0.0 (location: F:\Unityproject\ArrowLevel-Hand\Library\PackageCache\com.unity.modules.unitywebrequesttexture@1.0.0)
    com.unity.modules.unitywebrequestwww@1.0.0 (location: F:\Unityproject\ArrowLevel-Hand\Library\PackageCache\com.unity.modules.unitywebrequestwww@1.0.0)
    com.unity.modules.vehicles@1.0.0 (location: F:\Unityproject\ArrowLevel-Hand\Library\PackageCache\com.unity.modules.vehicles@1.0.0)
    com.unity.modules.video@1.0.0 (location: F:\Unityproject\ArrowLevel-Hand\Library\PackageCache\com.unity.modules.video@1.0.0)
    com.unity.modules.vr@1.0.0 (location: F:\Unityproject\ArrowLevel-Hand\Library\PackageCache\com.unity.modules.vr@1.0.0)
    com.unity.modules.wind@1.0.0 (location: F:\Unityproject\ArrowLevel-Hand\Library\PackageCache\com.unity.modules.wind@1.0.0)
    com.unity.modules.xr@1.0.0 (location: F:\Unityproject\ArrowLevel-Hand\Library\PackageCache\com.unity.modules.xr@1.0.0)
    com.unity.modules.subsystems@1.0.0 (location: F:\Unityproject\ArrowLevel-Hand\Library\PackageCache\com.unity.modules.subsystems@1.0.0)
    com.unity.2d.sprite@1.0.0 (location: F:\Unityproject\ArrowLevel-Hand\Library\PackageCache\com.unity.2d.sprite@1.0.0)
    com.unity.2d.tilemap@1.0.0 (location: F:\Unityproject\ArrowLevel-Hand\Library\PackageCache\com.unity.2d.tilemap@1.0.0)
  Embedded packages:
    com.pixelbug.arrow-level-generator@file:F:\Unityproject\ArrowLevel-Hand\Packages\com.pixelbug.arrow-level-generator (location: F:\Unityproject\ArrowLevel-Hand\Packages\com.pixelbug.arrow-level-generator)
[Subsystems] No new subsystems found in resolved package list.
Package Manager log level set to [2]
[Package Manager] Done registering packages in 0.17 seconds
Refreshing native plugins compatible for Editor in 36.13 ms, found 4 plugins.
Preloading 0 native plugins for Editor in 0.00 ms.
Initialize engine version: 2022.3.62f1 (4af31df58517)
[Subsystems] Discovering subsystems at path H:/UnityEditorFromG/unity/Editor/Data/Resources/UnitySubsystems
[Subsystems] Discovering subsystems at path F:/Unityproject/ArrowLevel-Hand/Assets
GfxDevice: creating device client; threaded=0; jobified=0
Direct3D:
    Version:  Direct3D 11.0 [level 11.1]
    Renderer: NVIDIA GeForce GTX 1660 SUPER (ID=0x21c4)
    Vendor:   NVIDIA
    VRAM:     5966 MB
    Driver:   32.0.15.9597
[Licensing::Client] Successfully resolved entitlement details
Initialize mono
Mono path[0] = 'H:/UnityEditorFromG/unity/Editor/Data/Managed'
Mono path[1] = 'H:/UnityEditorFromG/unity/Editor/Data/MonoBleedingEdge/lib/mono/unityjit-win32'
Mono config path = 'H:/UnityEditorFromG/unity/Editor/Data/MonoBleedingEdge/etc'
Using monoOptions --debugger-agent=transport=dt_socket,embedding=1,server=y,suspend=n,address=127.0.0.1:56828
Using cacheserver namespaces - metadata:defaultmetadata, artifacts:defaultartifacts
Using cacheserver namespaces - metadata:defaultmetadata, artifacts:defaultartifacts
ImportWorker Server TCP listen port: 0
Begin MonoManager ReloadAssembly
Registering precompiled unity dll's ...
Register platform support module: H:/UnityEditorFromG/unity/Editor/Data/PlaybackEngines/WindowsStandaloneSupport/UnityEditor.WindowsStandalone.Extensions.dll
Registered in 0.007073 seconds.
- Loaded All Assemblies, in  0.342 seconds
Native extension for WindowsStandalone target not found
Mono: successfully reloaded assembly
- Finished resetting the current domain, in  0.274 seconds
Domain Reload Profiling: 614ms
	BeginReloadAssembly (97ms)
		ExecutionOrderSort (0ms)
		DisableScriptedObjects (0ms)
		BackupInstance (0ms)
		ReleaseScriptingObjects (0ms)
		CreateAndSetChildDomain (1ms)
	RebuildCommonClasses (29ms)
	RebuildNativeTypeToScriptingClass (10ms)
	initialDomainReloadingComplete (58ms)
	LoadAllAssembliesAndSetupDomain (145ms)
		LoadAssemblies (95ms)
		RebuildTransferFunctionScriptingTraits (0ms)
		AnalyzeDomain (143ms)
			TypeCache.Refresh (141ms)
				TypeCache.ScanAssembly (124ms)
			ScanForSourceGeneratedMonoScriptInfo (1ms)
			ResolveRequiredComponents (1ms)
	FinalizeReload (274ms)
		ReleaseScriptCaches (0ms)
		RebuildScriptCaches (0ms)
		SetupLoadedEditorAssemblies (222ms)
			LogAssemblyErrors (0ms)
			InitializePlatformSupportModulesInManaged (10ms)
			SetLoadedEditorAssemblies (8ms)
			RefreshPlugins (0ms)
			BeforeProcessingInitializeOnLoad (2ms)
			ProcessInitializeOnLoadAttributes (150ms)
			ProcessInitializeOnLoadMethodAttributes (52ms)
			AfterProcessingInitializeOnLoad (0ms)
			EditorAssembliesLoaded (0ms)
		ExecutionOrderSort2 (0ms)
		AwakeInstancesAfterBackupRestoration (0ms)
[Licensing::Client] Successfully resolved entitlement details
Application.AssetDatabase Initial Refresh Start
[ScriptCompilation] Requested script compilation because: Assetdatabase observed changes in script compilation related files
info: Microsoft.Hosting.Lifetime[14]
      Now listening on: http://localhost:80
info: Microsoft.Hosting.Lifetime[0]
      Application started. Press Ctrl+C to shut down.
info: Microsoft.Hosting.Lifetime[0]
      Hosting environment: Production
info: Microsoft.Hosting.Lifetime[0]
      Content root path: F:\Unityproject\ArrowLevel-Hand\
info: Microsoft.AspNetCore.Hosting.Diagnostics[1]
      Request starting HTTP/2 POST http://ilpp/UnityILPP.PostProcessing/Ping application/grpc -
info: Microsoft.AspNetCore.Routing.EndpointMiddleware[0]
      Executing endpoint 'gRPC - /UnityILPP.PostProcessing/Ping'
info: Microsoft.AspNetCore.Routing.EndpointMiddleware[1]
      Executed endpoint 'gRPC - /UnityILPP.PostProcessing/Ping'
info: Microsoft.AspNetCore.Hosting.Diagnostics[2]
      Request finished HTTP/2 POST http://ilpp/UnityILPP.PostProcessing/Ping application/grpc - - 200 - application/grpc 44.7331ms
Starting: H:\UnityEditorFromG\unity\Editor\Data\bee_backend.exe --ipc --defer-dag-verification --dagfile="Library/Bee/1900b0aE.dag" --continue-on-failure --profile="Library/Bee/backend1.traceevents" ScriptAssemblies
WorkingDir: F:/Unityproject/ArrowLevel-Hand
info: Microsoft.AspNetCore.Hosting.Diagnostics[1]
      Request starting HTTP/2 POST http://ilpp/UnityILPP.PostProcessing/ConfigurePostProcessors application/grpc -
info: Microsoft.AspNetCore.Routing.EndpointMiddleware[0]
      Executing endpoint 'gRPC - /UnityILPP.PostProcessing/ConfigurePostProcessors'
warn: Unity.ILPP.Runner.PostProcessingAssemblyLoadContext[0]
      Assembly system.runtime.interopservices.windowsruntime has duplicate hint path. Ignoring "H:\UnityEditorFromG\unity\Editor\Data\UnityReferenceAssemblies\unity-4.8-api\Facades\System.Runtime.InteropServices.WindowsRuntime.dll" in favor of "H:\UnityEditorFromG\unity\Editor\Data\NetStandard\Extensions\2.0.0\System.Runtime.InteropServices.WindowsRuntime.dll"
warn: Unity.ILPP.Runner.PostProcessingAssemblyLoadContext[0]
      Assembly system.componentmodel.composition has duplicate hint path. Ignoring "H:\UnityEditorFromG\unity\Editor\Data\UnityReferenceAssemblies\unity-4.8-api\System.ComponentModel.Composition.dll" in favor of "H:\UnityEditorFromG\unity\Editor\Data\NetStandard\compat\2.1.0\shims\netfx\System.ComponentModel.Composition.dll"
DisplayProgressbar: Compiling Scripts
info: Unity.ILPP.Runner.PostProcessingAssemblyLoadContext[0]
      Resolved Unity.Burst.Cecil, Version=0.11.4.0, Culture=neutral, PublicKeyToken=50cebf1cceb9d05e with Library\PackageCache\com.unity.burst@1.8.21\Unity.Burst.CodeGen\Unity.Burst.Cecil.dll
info: Microsoft.AspNetCore.Routing.EndpointMiddleware[1]
      Executed endpoint 'gRPC - /UnityILPP.PostProcessing/ConfigurePostProcessors'
info: Microsoft.AspNetCore.Hosting.Diagnostics[2]
      Request finished HTTP/2 POST http://ilpp/UnityILPP.PostProcessing/ConfigurePostProcessors application/grpc - - 200 - application/grpc 45.4391ms
ExitCode: 4 Duration: 13s
Rebuilding DAG because FileSignature timestamp changed: Library/Bee/1900b0aE-inputdata.json
[513/656    0s] ILPP-Configuration Library/ilpp-configuration.nevergeneratedoutput
[BUSY       6s] Csc Library/Bee/artifacts/1900b0aE.dag/Assembly-CSharp-Editor.dll (+2 others)
[514/656   13s] Csc Library/Bee/artifacts/1900b0aE.dag/Assembly-CSharp-Editor.dll (+2 others)
Assets\ArrowMagic\Editor\MaskPreviewPackBuilder_Experiment.cs(4960,13): warning CS0162: Unreachable code detected
*** Tundra requires additional run (13.74 seconds), 2 items updated, 512 evaluated
Starting: H:\UnityEditorFromG\unity\Editor\Data\Tools\netcorerun\netcorerun.exe "H:\UnityEditorFromG\unity\Editor\Data\Tools\BuildPipeline\ScriptCompilationBuildProgram.exe" "Library/Bee/1900b0aE.dag.json" "Library/Bee/1900b0aE-inputdata.json" "Library\Bee\buildprogram0.traceevents"
WorkingDir: F:/Unityproject/ArrowLevel-Hand
ExitCode: 0 Duration: 0s722ms
Starting: H:\UnityEditorFromG\unity\Editor\Data\bee_backend.exe --ipc --defer-dag-verification --dagfile="Library/Bee/1900b0aE.dag" --continue-on-failure --dagfilejson="Library\Bee\1900b0aE.dag.json" --profile="Library/Bee/backend2.traceevents" ScriptAssemblies
WorkingDir: F:/Unityproject/ArrowLevel-Hand
info: Microsoft.AspNetCore.Hosting.Diagnostics[1]
      Request starting HTTP/2 POST http://ilpp/UnityILPP.PostProcessing/ConfigurePostProcessors application/grpc -
info: Microsoft.AspNetCore.Routing.EndpointMiddleware[0]
      Executing endpoint 'gRPC - /UnityILPP.PostProcessing/ConfigurePostProcessors'
info: Unity.ILPP.Runner.PostProcessingAssemblyLoadContext[0]
      Current configuration matches the requested one, skipping
info: Microsoft.AspNetCore.Routing.EndpointMiddleware[1]
      Executed endpoint 'gRPC - /UnityILPP.PostProcessing/ConfigurePostProcessors'
info: Microsoft.AspNetCore.Hosting.Diagnostics[2]
      Request finished HTTP/2 POST http://ilpp/UnityILPP.PostProcessing/ConfigurePostProcessors application/grpc - - 200 - application/grpc 1.1142ms
info: Microsoft.AspNetCore.Hosting.Diagnostics[1]
      Request starting HTTP/2 POST http://ilpp/UnityILPP.PostProcessing/PostProcessAssembly application/grpc -
info: Microsoft.AspNetCore.Routing.EndpointMiddleware[0]
      Executing endpoint 'gRPC - /UnityILPP.PostProcessing/PostProcessAssembly'
info: Unity.ILPP.Runner.PostProcessingPipeline[0]
      Processing assembly Library/Bee/artifacts/1900b0aE.dag/Assembly-CSharp-Editor.dll, with 118 defines and 268 references
info: Unity.ILPP.Runner.PostProcessingPipeline[0]
      processors: zzzUnity.Burst.CodeGen.BurstILPostProcessor
info: Unity.ILPP.Runner.PostProcessingPipeline[0]
      running zzzUnity.Burst.CodeGen.BurstILPostProcessor
info: Unity.ILPP.Runner.PostProcessingAssemblyLoadContext[0]
      Resolved Unity.Burst.Cecil.Rocks, Version=0.11.4.0, Culture=neutral, PublicKeyToken=50cebf1cceb9d05e with Library\PackageCache\com.unity.burst@1.8.21\Unity.Burst.CodeGen\Unity.Burst.Cecil.Rocks.dll
info: Microsoft.AspNetCore.Routing.EndpointMiddleware[1]
      Executed endpoint 'gRPC - /UnityILPP.PostProcessing/PostProcessAssembly'
info: Microsoft.AspNetCore.Hosting.Diagnostics[2]
      Request finished HTTP/2 POST http://ilpp/UnityILPP.PostProcessing/PostProcessAssembly application/grpc - - 200 - application/grpc 278.1934ms
ExitCode: 0 Duration: 1s160ms
Finished compiling graph: 659 nodes, 9047 flattened edges (7271 ToBuild, 104 ToUse), maximum node priority 659
[514/656    0s] ILPP-Configuration Library/ilpp-configuration.nevergeneratedoutput
[653/656    0s] ILPostProcess Library/Bee/artifacts/1900b0aE.dag/post-processed/Assembly-CSharp-Editor.dll (+pdb)
Processing assembly Library/Bee/artifacts/1900b0aE.dag/Assembly-CSharp-Editor.dll, with 118 defines and 268 references

processors: zzzUnity.Burst.CodeGen.BurstILPostProcessor

running zzzUnity.Burst.CodeGen.BurstILPostProcessor
[654/656    0s] CopyFiles Library/ScriptAssemblies/Assembly-CSharp-Editor.pdb
[655/656    0s] CopyFiles Library/ScriptAssemblies/Assembly-CSharp-Editor.dll
*** Tundra build success (1.13 seconds), 4 items updated, 656 evaluated
AssetDatabase: script compilation time: 16.621806s
Begin MonoManager ReloadAssembly
Total cache size 70787664
Total cache size after purge 70787664
- Loaded All Assemblies, in  0.665 seconds
Refreshing native plugins compatible for Editor in 8.45 ms, found 4 plugins.
Preloading 0 native plugins for Editor in 0.00 ms.
Start importing Assets/ArrowMagic/Editor/Campaign500FirstAssemblyPreviewBuilder.cs using Guid(a83e40e7ddee9b047b50dfd0e8edb0b7) Importer(-1,00000000000000000000000000000000) [PhysX] Initialized MultithreadedTaskDispatcher with 16 workers.
 -> (artifact id: '797671a83b956799c6453589ee02459d') in 0.012371 seconds
Refreshing native plugins compatible for Editor in 10.07 ms, found 4 plugins.
Native extension for WindowsStandalone target not found
Mono: successfully reloaded assembly
- Finished resetting the current domain, in  2.771 seconds
Domain Reload Profiling: 3430ms
	BeginReloadAssembly (168ms)
		ExecutionOrderSort (0ms)
		DisableScriptedObjects (5ms)
		BackupInstance (0ms)
		ReleaseScriptingObjects (0ms)
		CreateAndSetChildDomain (24ms)
	RebuildCommonClasses (39ms)
	RebuildNativeTypeToScriptingClass (13ms)
	initialDomainReloadingComplete (37ms)
	LoadAllAssembliesAndSetupDomain (401ms)
		LoadAssemblies (327ms)
		RebuildTransferFunctionScriptingTraits (0ms)
		AnalyzeDomain (163ms)
			TypeCache.Refresh (135ms)
				TypeCache.ScanAssembly (120ms)
			ScanForSourceGeneratedMonoScriptInfo (21ms)
			ResolveRequiredComponents (5ms)
	FinalizeReload (2772ms)
		ReleaseScriptCaches (0ms)
		RebuildScriptCaches (0ms)
		SetupLoadedEditorAssemblies (2625ms)
			LogAssemblyErrors (0ms)
			InitializePlatformSupportModulesInManaged (4ms)
			SetLoadedEditorAssemblies (3ms)
			RefreshPlugins (0ms)
			BeforeProcessingInitializeOnLoad (74ms)
			ProcessInitializeOnLoadAttributes (2455ms)
			ProcessInitializeOnLoadMethodAttributes (83ms)
			AfterProcessingInitializeOnLoad (7ms)
			EditorAssembliesLoaded (0ms)
		ExecutionOrderSort2 (0ms)
		AwakeInstancesAfterBackupRestoration (7ms)
Refreshing native plugins compatible for Editor in 8.69 ms, found 4 plugins.
Preloading 0 native plugins for Editor in 0.00 ms.
Asset Pipeline Refresh (id=e29dbaa13ef01014d92da3ad1a5ffc21): Total: 22.458 seconds - Initiated by InitialRefreshV2(ForceSynchronousImport)
	Summary:
		Imports: total=1 (actual=1, local cache=0, cache server=0)
		Asset DB Process Time: managed=5 ms, native=2161 ms
		Asset DB Callback time: managed=53 ms, native=14 ms
		Scripting: domain reloads=1, domain reload time=3532 ms, compile time=16624 ms, other=65 ms
		Project Asset Count: scripts=5250, non-scripts=9093
		Asset File Changes: new=0, changed=1, moved=0, deleted=0
		Scan Filter Count: 0
	InvokeBeforeRefreshCallbacks: 1.946ms
	ApplyChangesToAssetFolders: 0.055ms
	Scan: 275.779ms
	OnSourceAssetsModified: 2.324ms
	GetAllGuidsForCategorization: 3.150ms
	CategorizeAssets: 240.774ms
	ImportOutOfDateAssets: 2843.615ms (-13823.587ms without children)
		ImportManagerImport: 15.694ms (2.719ms without children)
			ImportInProcess: 12.952ms
			UpdateCategorizedAssets: 0.022ms
		CompileScripts: 16624.300ms
		ReloadNativeAssets: 0.001ms
		UnloadImportedAssets: 21.741ms
		ReloadImportedAssets: 0.373ms
		EnsureUptoDateAssetsAreRegisteredWithGuidPM: 3.483ms
		InitializingProgressBar: 0.001ms
		PostProcessAllAssetNotificationsAddChangedAssets: 0.000ms
		OnDemandSchedulerStart: 1.609ms
	PostProcessAllAssets: 54.651ms
	Hotreload: 9.280ms
	GatherAllCurrentPrimaryArtifactRevisions: 0.000ms
	UnloadStreamsBegin: 0.270ms
	PersistCurrentRevisions: 0.673ms
	UnloadStreamsEnd: 0.070ms
	GenerateScriptTypeHashes: 0.927ms
	Untracked: 19025.866ms
Application.AssetDatabase Initial Refresh End
Launched and connected shader compiler UnityShaderCompiler.exe after 0.55 seconds
Scanning for USB devices : 2.433ms
Initializing Unity extensions:
[Licensing::Client] Successfully resolved entitlement details
[MODES] ModeService[none].Initialize
[MODES] ModeService[none].LoadModes
[MODES] Loading mode Default (0) for mode-current-id-ArrowLevel-Hand
[PhysX] Initialized MultithreadedTaskDispatcher with 16 workers.
ProgressiveSceneManager::Cancel()
Unloading 3 Unused Serialized files (Serialized files now loaded: 0)
Unloading 78 unused Assets / (483.3 KB). Loaded Objects now: 4583.
Memory consumption went from 141.1 MB to 140.6 MB.
Total: 8.474800 ms (FindLiveObjects: 0.462200 ms CreateObjectMapping: 0.455200 ms MarkObjects: 6.929100 ms  DeleteObjects: 0.626500 ms)

Asset Pipeline Refresh (id=613955a6753425d45b8cda6ed8acfaef): Total: 0.076 seconds - Initiated by RefreshV2(ForceUpdate)
Start importing Assets/ArrowMagic/SOData/Packs/Campaign500/Campaign500FirstAssemblyRhythmV4PreviewPack.asset using Guid(b63fbf4040cd570418f60950bc21525a) Importer(-1,00000000000000000000000000000000) [PhysX] Initialized MultithreadedTaskDispatcher with 16 workers.
 -> (artifact id: '16c93fe13af6038ea696dd9a1e889746') in 0.006166 seconds
Refreshing native plugins compatible for Editor in 12.12 ms, found 4 plugins.
Preloading 0 native plugins for Editor in 0.00 ms.
Asset Pipeline Refresh (id=405b2d46206ec9a4a9753a471646e7bd): Total: 0.087 seconds - Initiated by StopAssetImportingV2(NoUpdateAssetOptions)
Start importing Assets/ArrowMagic/SOData/Packs/Campaign500/Campaign500FirstAssemblyRhythmV4PreviewPack.asset using Guid(b63fbf4040cd570418f60950bc21525a) Importer(-1,00000000000000000000000000000000) [PhysX] Initialized MultithreadedTaskDispatcher with 16 workers.
 -> (artifact id: '16c93fe13af6038ea696dd9a1e889746') in 0.005383 seconds
Refreshing native plugins compatible for Editor in 12.98 ms, found 4 plugins.
Preloading 0 native plugins for Editor in 0.00 ms.
Asset Pipeline Refresh (id=b15b98c15c8939d45ab7a612b6351aea): Total: 0.068 seconds - Initiated by StopAssetImportingV2(NoUpdateAssetOptions)
Opening scene 'Assets/ArrowMagic/Scenes/Demo.unity'
[PhysX] Initialized MultithreadedTaskDispatcher with 16 workers.
Unloading 25 Unused Serialized files (Serialized files now loaded: 0)
Loaded scene 'Assets/ArrowMagic/Scenes/Demo.unity'
	Deserialize:            38.353 ms
	Integration:            343.192 ms
	Integration of assets:  15.511 ms
	Thread Wait Time:       0.109 ms
	Total Operation Time:   397.165 ms
Unloading 266 unused Assets / (138.3 KB). Loaded Objects now: 5234.
Memory consumption went from 144.0 MB to 143.9 MB.
Total: 9.213600 ms (FindLiveObjects: 0.376700 ms CreateObjectMapping: 0.407800 ms MarkObjects: 7.925800 ms  DeleteObjects: 0.502400 ms)

Start importing Assets/ArrowMagic/Scenes/Demo.unity using Guid(2836e63d9d67642549a558eb7747c789) Importer(-1,00000000000000000000000000000000) [PhysX] Initialized MultithreadedTaskDispatcher with 16 workers.
 -> (artifact id: '28ab7dec79ae82165dcb32ae59bd8856') in 0.001368 seconds
Refreshing native plugins compatible for Editor in 9.87 ms, found 4 plugins.
Preloading 0 native plugins for Editor in 0.00 ms.
Asset Pipeline Refresh (id=fa175523d3283b44194543536ca63f92): Total: 0.063 seconds - Initiated by StopAssetImportingV2(NoUpdateAssetOptions)
[Campaign500FirstAssemblyPreviewBuilder] Attached pack to demo: Assets/ArrowMagic/SOData/Packs/Campaign500/Campaign500FirstAssemblyRhythmV4PreviewPack.asset
UnityEngine.StackTraceUtility:ExtractStackTrace ()
UnityEngine.DebugLogHandler:LogFormat (UnityEngine.LogType,UnityEngine.Object,string,object[])
UnityEngine.Logger:Log (UnityEngine.LogType,object)
UnityEngine.Debug:Log (object)
PixelBug.ArrowMagic.EditorTools.Campaign500FirstAssemblyPreviewBuilder:AttachPackToDemo (PixelBug.ArrowMagic.LevelPack) (at Assets/ArrowMagic/Editor/Campaign500FirstAssemblyPreviewBuilder.cs:287)
PixelBug.ArrowMagic.EditorTools.Campaign500FirstAssemblyPreviewBuilder:BuildPreviewPack (string,string,string,string,string,string,string) (at Assets/ArrowMagic/Editor/Campaign500FirstAssemblyPreviewBuilder.cs:190)
PixelBug.ArrowMagic.EditorTools.Campaign500FirstAssemblyPreviewBuilder:BuildRhythmV4PreviewPack () (at Assets/ArrowMagic/Editor/Campaign500FirstAssemblyPreviewBuilder.cs:63)

(Filename: Assets/ArrowMagic/Editor/Campaign500FirstAssemblyPreviewBuilder.cs Line: 287)

Asset Pipeline Refresh (id=92231ef9fd4e45442bc6e80bd078536c): Total: 0.065 seconds - Initiated by RefreshV2(ForceUpdate)
[Campaign500RhythmV4] Built Assets/ArrowMagic/SOData/Packs/Campaign500/Campaign500FirstAssemblyRhythmV4PreviewPack.asset with 500 levels. manifestLoaded=333, baseFallback=167
UnityEngine.StackTraceUtility:ExtractStackTrace ()
UnityEngine.DebugLogHandler:LogFormat (UnityEngine.LogType,UnityEngine.Object,string,object[])
UnityEngine.Logger:Log (UnityEngine.LogType,object)
UnityEngine.Debug:Log (object)
PixelBug.ArrowMagic.EditorTools.Campaign500FirstAssemblyPreviewBuilder:BuildPreviewPack (string,string,string,string,string,string,string) (at Assets/ArrowMagic/Editor/Campaign500FirstAssemblyPreviewBuilder.cs:207)
PixelBug.ArrowMagic.EditorTools.Campaign500FirstAssemblyPreviewBuilder:BuildRhythmV4PreviewPack () (at Assets/ArrowMagic/Editor/Campaign500FirstAssemblyPreviewBuilder.cs:63)

(Filename: Assets/ArrowMagic/Editor/Campaign500FirstAssemblyPreviewBuilder.cs Line: 207)

Batchmode quit successfully invoked - shutting down!
[PhysX] Initialized MultithreadedTaskDispatcher with 16 workers.
Input System module state changed to: ShutdownInProgress.
Input System polling thread exited.
Input System module state changed to: Shutdown.
[Licensing::IpcConnector] LicenseClient-admin-notifications channel disconnected successfully.
[Licensing::IpcConnector] LicenseClient-admin channel disconnected successfully.
Cleanup mono
abort_threads: Failed aborting id: 000000000000B210, mono_thread_manage will ignore it

abort_threads: Failed aborting id: 0000000000006990, mono_thread_manage will ignore it

abort_threads: Failed aborting id: 000000000000B210, mono_thread_manage will ignore it

abort_threads: Failed aborting id: 0000000000006990, mono_thread_manage will ignore it

debugger-agent: Unable to listen on 5168
[Performance] WinEditorMain                                                                                                  :        1 samples, Peak.  2.66 s (1.0x), Avg.  2.66 s, Total. 2.665 s (7.7%)
[Performance] WinEditorMain.ConfigureCrashHandler                                                                            :        1 samples, Peak.  16.8 us (1.0x), Avg.  16.8 us, Total. 16.80 us (0.0%)
[Performance] WinEditorMain.CurlRequestInitialize                                                                            :        1 samples, Peak.   377 us (1.0x), Avg.   377 us, Total. 376.9 us (0.0%)
[Performance] WinEditorMain.SetupLogFile                                                                                     :        1 samples, Peak.   908 us (1.0x), Avg.   908 us, Total. 908.5 us (0.0%)
[Performance] WinEditorMain.RunNativeTestsIfRequiredAndExit                                                                  :        1 samples, Peak. 100.0 ns (1.0x), Avg. 100.0 ns, Total. 100.00 ns (0.0%)
[Performance] WinEditorMain.Licensing                                                                                        :        1 samples, Peak.  2.64 s (1.0x), Avg.  2.64 s, Total. 2.641 s (7.7%)
[Performance] WinEditorMain.InitializeCrashHandler                                                                           :        1 samples, Peak.  12.3 ms (1.0x), Avg.  12.3 ms, Total. 12.34 ms (0.0%)
[Performance] WinEditorMain.CreateApplication                                                                                :        1 samples, Peak.   410 us (1.0x), Avg.   410 us, Total. 410.0 us (0.0%)
[Performance] Application.InitializeProject                                                                                  :        1 samples, Peak.  27.2 s (1.0x), Avg.  27.2 s, Total. 27.23 s (79.2%)
[Performance] Application.PackageManager.StartServer                                                                         :        1 samples, Peak.  23.5 ms (1.0x), Avg.  23.5 ms, Total. 23.52 ms (0.1%)
[Performance] Application.AcquireProjectLock                                                                                 :        1 samples, Peak.   382 ms (1.0x), Avg.   382 ms, Total. 381.9 ms (1.1%)
[Performance] Application.InitializeEngineNoGraphics                                                                         :        1 samples, Peak.  52.3 ms (1.0x), Avg.  52.3 ms, Total. 52.31 ms (0.2%)
[Performance] Application.PackageManager.Initialize                                                                          :        1 samples, Peak.   100 us (1.0x), Avg.   100 us, Total. 100.1 us (0.0%)
[Performance] Connecting to Package Manager                                                                                  :        1 samples, Peak.  38.3 us (1.0x), Avg.  38.3 us, Total. 38.30 us (0.0%)
[Performance] Application.EngineGraphics.Initialize                                                                          :        1 samples, Peak.   264 ms (1.0x), Avg.   264 ms, Total. 263.8 ms (0.8%)
[Performance] Application.GI.Initialize                                                                                      :        1 samples, Peak.  3.22 ms (1.0x), Avg.  3.22 ms, Total. 3.219 ms (0.0%)
[Performance] Application.LoadAllDefaultResourcesFromEditor                                                                  :        1 samples, Peak.  1.91 ms (1.0x), Avg.  1.91 ms, Total. 1.908 ms (0.0%)
[Performance] Application.LoadMonoAssemblies                                                                                 :        1 samples, Peak.   631 ms (1.0x), Avg.   631 ms, Total. 631.3 ms (1.8%)
[Performance] RestoreManagedReferences                                                                                       :        2 samples, Peak.  63.4 ms (2.0x), Avg.  31.7 ms, Total. 63.41 ms (0.2%)
[Performance] InitializeOnLoad DrivenRectTransformUndo                                                                       :        2 samples, Peak.   469 us (1.2x), Avg.   405 us, Total. 810.3 us (0.0%)
[Performance] InitializeOnLoad SceneSearch                                                                                   :        2 samples, Peak.   153 us (1.1x), Avg.   140 us, Total. 280.4 us (0.0%)
[Performance] InitializeOnLoad CloudBuild                                                                                    :        2 samples, Peak.  6.20 us (1.1x), Avg.  5.45 us, Total. 10.90 us (0.0%)
[Performance] InitializeOnLoad NativeFormatImporterUtility                                                                   :        2 samples, Peak.  3.59 ms (1.3x), Avg.  2.68 ms, Total. 5.369 ms (0.0%)
[Performance] InitializeOnLoad SearchService                                                                                 :        2 samples, Peak.   117 us (1.0x), Avg.   112 us, Total. 223.9 us (0.0%)
[Performance] InitializeOnLoad SettingsService                                                                               :        2 samples, Peak.  10.4 us (1.1x), Avg.  9.10 us, Total. 18.20 us (0.0%)
[Performance] InitializeOnLoad WindowLayout                                                                                  :        2 samples, Peak.   855 us (1.2x), Avg.   716 us, Total. 1.432 ms (0.0%)
[Performance] InitializeOnLoad AssetStoreContext                                                                             :        2 samples, Peak.  26.4 ms (1.0x), Avg.  26.2 ms, Total. 52.33 ms (0.2%)
[Performance] InitializeOnLoad PoolManager                                                                                   :        2 samples, Peak.   625 us (1.1x), Avg.   590 us, Total. 1.179 ms (0.0%)
[Performance] InitializeOnLoad MixerEffectDefinitionReloader                                                                 :        2 samples, Peak.  2.48 ms (1.0x), Avg.  2.46 ms, Total. 4.916 ms (0.0%)
[Performance] InitializeOnLoad ProjectSearch                                                                                 :        2 samples, Peak.   105 us (1.3x), Avg.  80.0 us, Total. 160.0 us (0.0%)
[Performance] InitializeOnLoad UISystemProfilerRenderService                                                                 :        2 samples, Peak.  14.1 us (1.2x), Avg.  11.4 us, Total. 22.80 us (0.0%)
[Performance] InitializeOnLoad EditMode                                                                                      :        2 samples, Peak.   525 us (1.1x), Avg.   474 us, Total. 948.5 us (0.0%)
[Performance] InitializeOnLoad UnityConnect                                                                                  :        2 samples, Peak.  79.0 us (1.2x), Avg.  67.9 us, Total. 135.8 us (0.0%)
[Performance] InitializeOnLoad ManagedDebugger                                                                               :        2 samples, Peak.   892 us (1.2x), Avg.   764 us, Total. 1.529 ms (0.0%)
[Performance] InitializeOnLoad ShortcutIntegration                                                                           :        2 samples, Peak.  95.7 us (1.2x), Avg.  78.7 us, Total. 157.4 us (0.0%)
[Performance] InitializeOnLoad AddComponentWindow                                                                            :        2 samples, Peak.   187 us (1.3x), Avg.   147 us, Total. 294.9 us (0.0%)
[Performance] InitializeOnLoad ManagedDebuggerWindow                                                                         :        2 samples, Peak.   201 us (1.2x), Avg.   167 us, Total. 334.2 us (0.0%)
[Performance] InitializeOnLoad CacheServerWindow                                                                             :        2 samples, Peak.  21.7 us (1.5x), Avg.  14.3 us, Total. 28.50 us (0.0%)
[Performance] InitializeOnLoad PlayModeDownload                                                                              :        2 samples, Peak.  5.91 ms (1.9x), Avg.  3.09 ms, Total. 6.188 ms (0.0%)
[Performance] InitializeOnLoad MenuItems                                                                                     :        2 samples, Peak.   121 us (1.1x), Avg.   111 us, Total. 221.7 us (0.0%)
[Performance] InitializeOnLoad PrefabInstanceChangedListener                                                                 :        2 samples, Peak.   231 us (1.2x), Avg.   186 us, Total. 372.1 us (0.0%)
[Performance] InitializeOnLoad ObjectSelectorSearch                                                                          :        2 samples, Peak.   126 us (1.5x), Avg.  83.8 us, Total. 167.5 us (0.0%)
[Performance] InitializeOnLoad EditorMonitor                                                                                 :        2 samples, Peak.   776 us (1.3x), Avg.   610 us, Total. 1.220 ms (0.0%)
[Performance] InitializeOnLoad RetainedMode                                                                                  :        2 samples, Peak.  3.27 ms (1.2x), Avg.  2.75 ms, Total. 5.497 ms (0.0%)
[Performance] InitializeOnLoad EditorShaderLoader                                                                            :        2 samples, Peak.  1.17 ms (1.3x), Avg.   923 us, Total. 1.846 ms (0.0%)
[Performance] InitializeOnLoad EditorDelegateRegistration                                                                    :        2 samples, Peak.   631 us (1.2x), Avg.   527 us, Total. 1.053 ms (0.0%)
[Performance] InitializeOnLoad UIDocumentHierarchyWatcher                                                                    :        2 samples, Peak.  90.3 us (1.1x), Avg.  84.7 us, Total. 169.4 us (0.0%)
[Performance] InitializeOnLoad LiveReloadTrackerCreator                                                                      :        2 samples, Peak.   228 us (1.3x), Avg.   177 us, Total. 354.0 us (0.0%)
[Performance] InitializeOnLoad UxmlObjectEditorFactories                                                                     :        2 samples, Peak.   559 us (1.2x), Avg.   472 us, Total. 944.6 us (0.0%)
[Performance] InitializeOnLoad UXMLEditorFactories                                                                           :        2 samples, Peak.  68.9 ms (1.0x), Avg.  66.8 ms, Total. 133.5 ms (0.4%)
[Performance] InitializeOnLoad PurchasingService                                                                             :        2 samples, Peak.  6.88 ms (1.0x), Avg.  6.88 ms, Total. 13.76 ms (0.0%)
[Performance] InitializeOnLoad CloudBuildPoller                                                                              :        2 samples, Peak.   120 us (1.0x), Avg.   115 us, Total. 229.0 us (0.0%)
[Performance] InitializeOnLoad EditorGameServicesAnalytics                                                                   :        2 samples, Peak.  3.46 ms (1.6x), Avg.  2.12 ms, Total. 4.238 ms (0.0%)
[Performance] InitializeOnLoad AnalyticsService                                                                              :        2 samples, Peak.   211 us (1.1x), Avg.   199 us, Total. 398.1 us (0.0%)
[Performance] InitializeOnLoad BuildService                                                                                  :        2 samples, Peak.   175 us (1.0x), Avg.   172 us, Total. 343.1 us (0.0%)
[Performance] InitializeOnLoad AdsService                                                                                    :        2 samples, Peak.   427 us (1.0x), Avg.   423 us, Total. 846.2 us (0.0%)
[Performance] InitializeOnLoad UDPService                                                                                    :        2 samples, Peak.   174 us (1.0x), Avg.   173 us, Total. 346.1 us (0.0%)
[Performance] InitializeOnLoad CrashService                                                                                  :        2 samples, Peak.   165 us (1.0x), Avg.   165 us, Total. 329.8 us (0.0%)
[Performance] InitializeOnLoad ServicesRepository                                                                            :        2 samples, Peak.   600 ns (1.1x), Avg.   550 ns, Total. 1.100 us (0.0%)
[Performance] InitializeOnLoad SearchWindow                                                                                  :        2 samples, Peak.   143 us (1.1x), Avg.   128 us, Total. 256.1 us (0.0%)
[Performance] InitializeOnLoad CustomIndexers                                                                                :        2 samples, Peak.  19.0 ms (1.2x), Avg.  16.2 ms, Total. 32.40 ms (0.1%)
[Performance] InitializeOnLoad SearchMonitor                                                                                 :        2 samples, Peak.  1.01 ms (1.1x), Avg.   911 us, Total. 1.821 ms (0.0%)
[Performance] InitializeOnLoad ParameterControllerEditor                                                                     :        2 samples, Peak.  19.0 us (1.2x), Avg.  15.7 us, Total. 31.40 us (0.0%)
[Performance] InitializeOnLoad LayerSettingsWindow                                                                           :        2 samples, Peak.  22.0 us (1.6x), Avg.  13.4 us, Total. 26.70 us (0.0%)
[Performance] InitializeOnLoad PackageManagerHookGUIDConverter.RegisterPackagesEventHandler                                  :        2 samples, Peak.   836 us (1.7x), Avg.   494 us, Total. 987.1 us (0.0%)
[Performance] InitializeOnLoad EditorDragAndDrop.RegisterEditorClient                                                        :        2 samples, Peak.   256 us (1.1x), Avg.   237 us, Total. 473.1 us (0.0%)
[Performance] InitializeOnLoad EditorEventCallbacks.InitializeFontAssetResourceChangeCallBacks                               :        2 samples, Peak.  1.32 ms (1.1x), Avg.  1.23 ms, Total. 2.463 ms (0.0%)
[Performance] InitializeOnLoad SceneTemplateService.Init                                                                     :        2 samples, Peak.  1.24 ms (1.1x), Avg.  1.14 ms, Total. 2.270 ms (0.0%)
[Performance] InitializeOnLoad DiagnosticSwitchesConsoleMessage.Init                                                         :        2 samples, Peak.  6.45 ms (1.8x), Avg.  3.58 ms, Total. 7.159 ms (0.0%)
[Performance] InitializeOnLoad PackageManagerWindow.EditorInitializedInSafeMode                                              :        2 samples, Peak.  29.3 ms (2.0x), Avg.  14.7 ms, Total. 29.48 ms (0.1%)
[Performance] InitializeOnLoad ToolShortcutContext.Init                                                                      :        2 samples, Peak.   196 us (1.2x), Avg.   170 us, Total. 339.8 us (0.0%)
[Performance] InitializeOnLoad MemoryProfilerCompilationGuard.InjectCompileGuard                                             :        2 samples, Peak.   233 us (1.5x), Avg.   158 us, Total. 315.4 us (0.0%)
[Performance] InitializeOnLoad AssetPostprocessingInternal.RefreshCustomDependencies                                         :        2 samples, Peak.  4.40 ms (1.4x), Avg.  3.17 ms, Total. 6.334 ms (0.0%)
[Performance] InitializeOnLoad SysrootManager.Initialize                                                                     :        2 samples, Peak.   609 us (1.1x), Avg.   551 us, Total. 1.103 ms (0.0%)
[Performance] InitializeOnLoad ScopedRegistryAddedPopup.SubscribeToRegistriesAdded                                           :        2 samples, Peak.  8.04 ms (2.0x), Avg.  4.09 ms, Total. 8.173 ms (0.0%)
[Performance] InitializeOnLoad SceneVisibilityManager.Initialize                                                             :        2 samples, Peak.  5.11 ms (1.7x), Avg.  3.01 ms, Total. 6.022 ms (0.0%)
[Performance] InitializeOnLoad EditorWindow.Initialize                                                                       :        2 samples, Peak.   256 us (1.1x), Avg.   241 us, Total. 481.3 us (0.0%)
[Performance] AssemblyReloadEvents.afterAssemblyReload: UnityEditor.SceneTemplate.SceneTemplateService.AfterAssemblyReload   :        2 samples, Peak.  3.72 ms (1.9x), Avg.  2.00 ms, Total. 4.000 ms (0.0%)
[Performance] ProcessService.EditorAfterLoadAllAssemblies                                                                    :        2 samples, Peak.   386 us (1.2x), Avg.   312 us, Total. 623.2 us (0.0%)
[Performance] Application.ReadLicenseInfo                                                                                    :        1 samples, Peak.  13.9 ms (1.0x), Avg.  13.9 ms, Total. 13.87 ms (0.0%)
[Performance] Application.InitialRefresh                                                                                     :        1 samples, Peak.  22.5 s (1.0x), Avg.  22.5 s, Total. 22.46 s (65.3%)
[Performance] ShaderImporter.SourceAssetModified                                                                             :        4 samples, Peak.  1.30 us (1.6x), Avg.   800 ns, Total. 3.200 us (0.0%)
[Performance] ShaderIncludeImporter.SourceAssetModified                                                                      :        4 samples, Peak.  1.10 us (1.4x), Avg.   800 ns, Total. 3.200 us (0.0%)
[Performance] Compiling Scripts                                                                                              :        1 samples, Peak.  16.6 s (1.0x), Avg.  16.6 s, Total. 16.62 s (48.3%)
[Performance] AssemblyReloadEvents.beforeAssemblyReload: UnityEditor.SceneTemplate.SceneTemplateService.BeforeAssemblyReload :        1 samples, Peak.   516 us (1.0x), Avg.   516 us, Total. 515.7 us (0.0%)
[Performance] PSDImporterAssetPostProcessor.OnPreprocessAsset                                                                :        4 samples, Peak.  1.31 ms (3.9x), Avg.   339 us, Total. 1.358 ms (0.0%)
[Performance] PresetManagerPostProcessor.OnPreprocessAsset                                                                   :        4 samples, Peak.   246 us (3.6x), Avg.  68.0 us, Total. 271.9 us (0.0%)
[Performance] CancelSplashScreenOnAssetChange.OnPreprocessAsset                                                              :        4 samples, Peak.   148 us (3.8x), Avg.  38.7 us, Total. 154.7 us (0.0%)
[Performance] SpritePostProcess.OnPreprocessAsset                                                                            :        4 samples, Peak.  2.06 ms (3.9x), Avg.   528 us, Total. 2.110 ms (0.0%)
[Performance] InitializeOnLoad DirectArchitecturePreviewAutoRunner                                                           :        1 samples, Peak.   172 us (1.0x), Avg.   172 us, Total. 171.9 us (0.0%)
[Performance] InitializeOnLoad BurstLoader                                                                                   :        1 samples, Peak.  2.05 s (1.0x), Avg.  2.05 s, Total. 2.050 s (6.0%)
[Performance] InitializeOnLoad BackgroundWatcher                                                                             :        1 samples, Peak.   459 us (1.0x), Avg.   459 us, Total. 458.5 us (0.0%)
[Performance] InitializeOnLoad UnityTestProtocolStarter                                                                      :        1 samples, Peak.   235 us (1.0x), Avg.   235 us, Total. 235.2 us (0.0%)
[Performance] InitializeOnLoad TestStarter                                                                                   :        1 samples, Peak.  1.18 ms (1.0x), Avg.  1.18 ms, Total. 1.184 ms (0.0%)
[Performance] InitializeOnLoad RerunCallbackInitializer                                                                      :        1 samples, Peak.  4.30 ms (1.0x), Avg.  4.30 ms, Total. 4.297 ms (0.0%)
[Performance] InitializeOnLoad EditorToolManager                                                                             :        1 samples, Peak.  2.95 ms (1.0x), Avg.  2.95 ms, Total. 2.945 ms (0.0%)
[Performance] InitializeOnLoad VSUsageUtility                                                                                :        1 samples, Peak.  98.1 ms (1.0x), Avg.  98.1 ms, Total. 98.07 ms (0.3%)
[Performance] InitializeOnLoad VisualStudioEditor                                                                            :        1 samples, Peak.  18.4 ms (1.0x), Avg.  18.4 ms, Total. 18.44 ms (0.1%)
[Performance] InitializeOnLoad TestRunnerApiListener                                                                         :        1 samples, Peak.   800 us (1.0x), Avg.   800 us, Total. 799.5 us (0.0%)
[Performance] InitializeOnLoad VisualStudioIntegration                                                                       :        1 samples, Peak.  1.71 ms (1.0x), Avg.  1.71 ms, Total. 1.705 ms (0.0%)
[Performance] InitializeOnLoad PrefabLayoutRebuilder                                                                         :        1 samples, Peak.   313 us (1.0x), Avg.   313 us, Total. 313.5 us (0.0%)
[Performance] InitializeOnLoad SpriteSkinCompositeStartup                                                                    :        1 samples, Peak.  15.8 ms (1.0x), Avg.  15.8 ms, Total. 15.84 ms (0.0%)
[Performance] InitializeOnLoad RiderScriptEditor                                                                             :        1 samples, Peak.  6.12 ms (1.0x), Avg.  6.12 ms, Total. 6.118 ms (0.0%)
[Performance] InitializeOnLoad CallbackInitializer                                                                           :        1 samples, Peak.  1.52 ms (1.0x), Avg.  1.52 ms, Total. 1.522 ms (0.0%)
[Performance] InitializeOnLoad SpriteEditorWindow                                                                            :        1 samples, Peak.   483 us (1.0x), Avg.   483 us, Total. 482.6 us (0.0%)
[Performance] InitializeOnLoad PlasticPlugin                                                                                 :        1 samples, Peak.  68.8 ms (1.0x), Avg.  68.8 ms, Total. 68.84 ms (0.2%)
[Performance] InitializeOnLoad UnityAnalyticsStorage                                                                         :        1 samples, Peak.   344 us (1.0x), Avg.   344 us, Total. 344.2 us (0.0%)
[Performance] InitializeOnLoad BoneGizmoInitializer                                                                          :        1 samples, Peak.  2.99 ms (1.0x), Avg.  2.99 ms, Total. 2.987 ms (0.0%)
[Performance] InitializeOnLoad Analytics                                                                                     :        1 samples, Peak.   210 us (1.0x), Avg.   210 us, Total. 209.8 us (0.0%)
[Performance] InitializeOnLoad ToolbarBootstrap                                                                              :        1 samples, Peak.  39.8 ms (1.0x), Avg.  39.8 ms, Total. 39.83 ms (0.1%)
[Performance] InitializeOnLoad BackgroundImport                                                                              :        1 samples, Peak.   147 us (1.0x), Avg.   147 us, Total. 147.3 us (0.0%)
[Performance] InitializeOnLoad SceneDragAndDrop                                                                              :        1 samples, Peak.   181 us (1.0x), Avg.   181 us, Total. 181.4 us (0.0%)
[Performance] InitializeOnLoad SpriteShapeUpdateCache                                                                        :        1 samples, Peak.   512 us (1.0x), Avg.   512 us, Total. 512.3 us (0.0%)
[Performance] InitializeOnLoad SpriteShapeUnityAnalyticsStorage                                                              :        1 samples, Peak.  22.9 us (1.0x), Avg.  22.9 us, Total. 22.90 us (0.0%)
[Performance] InitializeOnLoad IKEditorManager.CreateInstance                                                                :        1 samples, Peak.  2.05 ms (1.0x), Avg.  2.05 ms, Total. 2.051 ms (0.0%)
[Performance] InitializeOnLoad $BurstDirectCallInitializer.Initialize                                                        :        7 samples, Peak.  33.1 ms (4.6x), Avg.  7.19 ms, Total. 50.32 ms (0.1%)
[Performance] InitializeOnLoad SceneViewGridManager.Initialize                                                               :        1 samples, Peak.  5.14 ms (1.0x), Avg.  5.14 ms, Total. 5.144 ms (0.0%)
[Performance] InitializeOnLoad TilemapPrefabStageHelper.Initialize                                                           :        1 samples, Peak.  1.70 ms (1.0x), Avg.  1.70 ms, Total. 1.704 ms (0.0%)
[Performance] InitializeOnLoad SceneViewOpenTilePaletteHelper.Initialize                                                     :        1 samples, Peak.  1.06 ms (1.0x), Avg.  1.06 ms, Total. 1.062 ms (0.0%)
[Performance] InitializeOnLoad TileDragAndDropManager.Initialize                                                             :        1 samples, Peak.  1.19 ms (1.0x), Avg.  1.19 ms, Total. 1.186 ms (0.0%)
[Performance] InitializeOnLoad BackgroundImport.Setup                                                                        :        1 samples, Peak.  1.82 ms (1.0x), Avg.  1.82 ms, Total. 1.818 ms (0.0%)
[Performance] InitializeOnLoad TestJobDataHolder.ResumeRunningJobs                                                           :        1 samples, Peak.  1.15 ms (1.0x), Avg.  1.15 ms, Total. 1.153 ms (0.0%)
[Performance] InitializeOnLoad AnalyticsReporter.RegisterCallbacks                                                           :        1 samples, Peak.   263 us (1.0x), Avg.   263 us, Total. 263.2 us (0.0%)
[Performance] InitializeOnLoad VisualStudioEditor.LegacyVisualStudioCodePackageDisabler                                      :        1 samples, Peak.  1.35 ms (1.0x), Avg.  1.35 ms, Total. 1.349 ms (0.0%)
[Performance] DidReloadScriptsTestRunnerWindow.CompilationCallback                                                           :        1 samples, Peak.   790 us (1.0x), Avg.   790 us, Total. 790.1 us (0.0%)
[Performance] DidReloadScriptsTestListCache.ScriptReloaded                                                                   :        1 samples, Peak.  1.89 ms (1.0x), Avg.  1.89 ms, Total. 1.890 ms (0.0%)
[Performance] DidReloadScriptsAdvancedDropdownWindow.OnScriptReload                                                          :        1 samples, Peak.   248 us (1.0x), Avg.   248 us, Total. 247.6 us (0.0%)
[Performance] AssemblyReloadEvents.afterAssemblyReload: UnityEditor.U2D.Animation.BoneGizmo.OnAfterAssemblyReload            :        1 samples, Peak.  1.03 ms (1.0x), Avg.  1.03 ms, Total. 1.026 ms (0.0%)
[Performance] AssetDatabase.ImportAssets                                                                                     :        8 samples, Peak.  2.00 us (2.9x), Avg.   700 ns, Total. 5.600 us (0.0%)
[Performance] VersionControl.Task.Wait                                                                                       :        1 samples, Peak.  6.70 us (1.0x), Avg.  6.70 us, Total. 6.700 us (0.0%)
[Performance] TMPro_TexturePostProcessor.OnPostprocessAllAssets                                                              :        8 samples, Peak.   682 us (3.8x), Avg.   177 us, Total. 1.419 ms (0.0%)
[Performance] AssetPostprocessor.OnPostprocessAllAssets                                                                      :        8 samples, Peak.   724 us (3.9x), Avg.   184 us, Total. 1.474 ms (0.0%)
[Performance] BuilderAssetPostprocessor.OnPostprocessAllAssets                                                               :        8 samples, Peak.  3.17 ms (3.9x), Avg.   820 us, Total. 6.556 ms (0.0%)
[Performance] ArtifactBrowserPostProcessor.OnPostprocessAllAssets                                                            :        8 samples, Peak.   536 us (3.9x), Avg.   137 us, Total. 1.095 ms (0.0%)
[Performance] AssetEvents.OnPostprocessAllAssets                                                                             :       16 samples, Peak.   179 us (5.5x), Avg.  32.2 us, Total. 515.9 us (0.0%)
[Performance] AudioMixerPostprocessor.OnPostprocessAllAssets                                                                 :        8 samples, Peak.   305 us (3.9x), Avg.  78.1 us, Total. 625.1 us (0.0%)
[Performance] StyleCatalogPostProcessor.OnPostprocessAllAssets                                                               :        8 samples, Peak.  24.0 ms (4.0x), Avg.  6.02 ms, Total. 48.12 ms (0.1%)
[Performance] BuildCatalog                                                                                                   :        1 samples, Peak.  23.1 ms (1.0x), Avg.  23.1 ms, Total. 23.09 ms (0.1%)
[Performance] ModelImporterPostProcessor.OnPostprocessAllAssets                                                              :        8 samples, Peak.  1.02 ms (3.8x), Avg.   268 us, Total. 2.147 ms (0.0%)
[Performance] RetainedModeAssetPostprocessor.OnPostprocessAllAssets                                                          :        8 samples, Peak.  2.02 ms (3.9x), Avg.   519 us, Total. 4.149 ms (0.0%)
[Performance] AssetChangedListener.OnPostprocessAllAssets                                                                    :        8 samples, Peak.  1.15 ms (3.4x), Avg.   342 us, Total. 2.738 ms (0.0%)
[Performance] SpeedTreePostProcessor.OnPostprocessAllAssets                                                                  :        8 samples, Peak.   149 us (3.1x), Avg.  47.6 us, Total. 380.8 us (0.0%)
[Performance] TextAssetPostProcessor.OnPostprocessAllAssets                                                                  :        8 samples, Peak.   348 us (3.6x), Avg.  95.4 us, Total. 763.3 us (0.0%)
[Performance] AssetProcessor.OnPostprocessAllAssets                                                                          :       24 samples, Peak.  1.47 ms (6.6x), Avg.   223 us, Total. 5.357 ms (0.0%)
[Performance] SpriteLibraryAssetPostprocessor.OnPostprocessAllAssets                                                         :        8 samples, Peak.   230 us (3.8x), Avg.  59.9 us, Total. 479.4 us (0.0%)
[Performance] PSDImporterAssetPostProcessor.OnPostprocessAllAssets                                                           :        8 samples, Peak.  97.1 us (3.6x), Avg.  26.7 us, Total. 213.7 us (0.0%)
[Performance] PSDImportPostProcessor.OnPostprocessAllAssets                                                                  :        8 samples, Peak.   114 us (3.8x), Avg.  29.9 us, Total. 239.3 us (0.0%)
[Performance] SpriteEditorTexturePostprocessor.OnPostprocessAllAssets                                                        :        8 samples, Peak.   326 us (1.4x), Avg.   239 us, Total. 1.915 ms (0.0%)
[Performance] SpriteShapeAssetPostProcessor.OnPostprocessAllAssets                                                           :        8 samples, Peak.   574 us (2.5x), Avg.   228 us, Total. 1.827 ms (0.0%)
[Performance] SyncVS.PostprocessSyncProject                                                                                  :        4 samples, Peak.  3.05 ms (3.2x), Avg.   947 us, Total. 3.788 ms (0.0%)
[Performance] Application.ImportPackagesAndSetTemplateWhenCreatingProject                                                    :        1 samples, Peak.  13.3 ms (1.0x), Avg.  13.3 ms, Total. 13.30 ms (0.0%)
[Performance] Application.SyncCurrentColorSpace                                                                              :        1 samples, Peak.   607 ms (1.0x), Avg.   607 ms, Total. 607.0 ms (1.8%)
[Performance] Application.OnUsbDevicesChanged                                                                                :        1 samples, Peak.  2.47 ms (1.0x), Avg.  2.47 ms, Total. 2.474 ms (0.0%)
[Performance] Application.AssetInstanceCacheUpdate                                                                           :        1 samples, Peak.   200 ns (1.0x), Avg.   200 ns, Total. 200.0 ns (0.0%)
[Performance] Application.UnityExtensions.Initialize                                                                         :        1 samples, Peak.  4.96 ms (1.0x), Avg.  4.96 ms, Total. 4.957 ms (0.0%)
[Performance] CodeEditorProjectSync.SyncEditorProject                                                                        :        1 samples, Peak.   190 ms (1.0x), Avg.   190 ms, Total. 190.3 ms (0.6%)
[Performance] Application.ExecuteStartups                                                                                    :        1 samples, Peak.  93.6 ms (1.0x), Avg.  93.6 ms, Total. 93.60 ms (0.3%)
[Performance] Menu.RegisterMenuInterface                                                                                     :       26 samples, Peak.  3.00 us (9.9x), Avg.   304 ns, Total. 7.900 us (0.0%)
[Performance] Gizmo.RebuildRenderers                                                                                         :        1 samples, Peak.  90.9 ms (1.0x), Avg.  90.9 ms, Total. 90.86 ms (0.3%)
[Performance] Gizmo.AddGizmoRenderers                                                                                        :       86 samples, Peak.  1.74 ms (51.4x), Avg.  33.9 us, Total. 2.917 ms (0.0%)
[Performance] Application.editorInitializingProject                                                                          :        1 samples, Peak.   241 ms (1.0x), Avg.   241 ms, Total. 240.9 ms (0.7%)
[Performance] Application.InitializeMenu                                                                                     :        1 samples, Peak.   541 ms (1.0x), Avg.   541 ms, Total. 540.7 ms (1.6%)
[Performance] Menu.RebuildAll                                                                                                :        1 samples, Peak.   541 ms (1.0x), Avg.   541 ms, Total. 540.7 ms (1.6%)
[Performance] Menu.BuildRegisteredMenuInterfaces                                                                             :        1 samples, Peak.   534 ms (1.0x), Avg.   534 ms, Total. 533.7 ms (1.6%)
[Performance] Menu.FilterMenuItem                                                                                            :      867 samples, Peak.   250 ms (765.4x), Avg.   327 us, Total. 283.6 ms (0.8%)
[Performance] UpdateAllMenus                                                                                                 :        1 samples, Peak.  1.05 ms (1.0x), Avg.  1.05 ms, Total. 1.048 ms (0.0%)
[Performance] Menu.RebuildOSMainMenu                                                                                         :        2 samples, Peak.  5.60 ms (1.1x), Avg.  5.32 ms, Total. 10.63 ms (0.0%)
[Performance] EditorSceneManager.sceneClosing: UnityEditor.SceneVisibilityManager.EditorSceneManagerOnSceneClosing           :        2 samples, Peak.   426 us (2.0x), Avg.   216 us, Total. 431.4 us (0.0%)
[Performance] GUIView.RepaintAll.PlayerLoopController                                                                        :        1 samples, Peak.  1.20 us (1.0x), Avg.  1.20 us, Total. 1.200 us (0.0%)
[Performance] EditorSceneManager.newSceneCreated: UnityEditor.SceneTemplate.SceneTemplateService.OnNewSceneCreated           :        1 samples, Peak.   493 us (1.0x), Avg.   493 us, Total. 492.6 us (0.0%)
[Performance] EditorSceneManager.newSceneCreated: UnityEditor.SceneVisibilityManager.EditorSceneManagerOnNewSceneCreated     :        1 samples, Peak.   418 us (1.0x), Avg.   418 us, Total. 417.8 us (0.0%)
[Performance] EditorSceneManager.newSceneCreated: UnityEditor.SceneManagement.StageNavigationManager.OnNewSceneCreated       :        1 samples, Peak.   118 us (1.0x), Avg.   118 us, Total. 118.1 us (0.0%)
[Performance] Application.InvokeFinishedLoadingProject                                                                       :        1 samples, Peak.  45.4 ms (1.0x), Avg.  45.4 ms, Total. 45.43 ms (0.1%)
[Performance] ProcessService.OnProjectLoaded                                                                                 :        1 samples, Peak.   121 us (1.0x), Avg.   121 us, Total. 120.9 us (0.0%)
[Performance] AssetDatabase.Refresh                                                                                          :        2 samples, Peak.  76.6 ms (1.1x), Avg.  70.8 ms, Total. 141.6 ms (0.4%)
[Performance] PaletteAssetModificationProcessor.OnWillCreateAsset                                                            :        3 samples, Peak.   242 us (2.8x), Avg.  87.1 us, Total. 261.3 us (0.0%)
[Performance] BuilderAssetModificationProcessor.OnWillCreateAsset                                                            :        3 samples, Peak.   376 us (2.6x), Avg.   145 us, Total. 434.5 us (0.0%)
[Performance] EditorApplication.projectChanged: UnityEditor.Audio.MixerEffectDefinitionReloader.OnProjectChanged             :        1 samples, Peak.   542 us (1.0x), Avg.   542 us, Total. 541.7 us (0.0%)
[Performance] PaletteAssetModificationProcessor.OnWillSaveAssets                                                             :        4 samples, Peak.   131 us (3.3x), Avg.  39.2 us, Total. 156.9 us (0.0%)
[Performance] StateMacroSavedEvent.OnWillSaveAssets                                                                          :        4 samples, Peak.   190 us (3.6x), Avg.  53.1 us, Total. 212.3 us (0.0%)
[Performance] AssetModificationProcessor.OnWillSaveAssets                                                                    :        4 samples, Peak.   522 us (4.0x), Avg.   131 us, Total. 525.7 us (0.0%)
[Performance] UnityCloudProjectLinkMonitor.OnWillSaveAssets                                                                  :        4 samples, Peak.   341 us (4.0x), Avg.  86.1 us, Total. 344.2 us (0.0%)
[Performance] FlowMacroSavedEvent.OnWillSaveAssets                                                                           :        4 samples, Peak.   167 us (3.8x), Avg.  44.3 us, Total. 177.3 us (0.0%)
[Performance] BuilderAssetModificationProcessor.OnWillSaveAssets                                                             :        4 samples, Peak.   205 us (3.9x), Avg.  52.8 us, Total. 211.2 us (0.0%)
[Performance] TerrainModificationProcessor.OnWillSaveAssets                                                                  :        4 samples, Peak.   713 us (4.0x), Avg.   179 us, Total. 716.3 us (0.0%)
[Performance] AssetDatabase.ImportAsset                                                                                      :        2 samples, Peak.  67.9 ms (1.0x), Avg.  65.4 ms, Total. 130.8 ms (0.4%)
[Performance] EditorSceneManager.sceneOpening: UnityEditor.SceneVisibilityManager.EditorSceneManagerOnSceneOpening           :        1 samples, Peak.   196 us (1.0x), Avg.   196 us, Total. 195.7 us (0.0%)
[Performance] Inspector.InitOrRebuild                                                                                        :        1 samples, Peak.   859 us (1.0x), Avg.   859 us, Total. 859.1 us (0.0%)
[Performance] EditorSceneManager.sceneOpened: UnityEditor.SceneTemplate.SceneTemplateService.OnSceneOpened                   :        1 samples, Peak.   347 us (1.0x), Avg.   347 us, Total. 347.0 us (0.0%)
[Performance] EditorSceneManager.sceneOpened: UnityEditor.SceneVisibilityManager.EditorSceneManagerOnSceneOpened             :        1 samples, Peak.   205 us (1.0x), Avg.   205 us, Total. 205.3 us (0.0%)
[Performance] EditorSceneManager.sceneOpened: UnityEditor.SceneManagement.StageNavigationManager.OnSceneOpened               :        1 samples, Peak.  90.7 us (1.0x), Avg.  90.7 us, Total. 90.70 us (0.0%)
[Performance] EditorSceneManager.sceneSaving: callback in UnityEditor.U2D.SpriteShapeUpdateCache                             :        1 samples, Peak.  2.60 ms (1.0x), Avg.  2.60 ms, Total. 2.603 ms (0.0%)
[Performance] EditorSceneManager.sceneSaving: UnityEditor.SceneTemplate.SceneTemplateService.OnSceneSaving                   :        1 samples, Peak.   403 us (1.0x), Avg.   403 us, Total. 403.4 us (0.0%)
[Performance] EditorSceneManager.sceneSaving: UnityEditor.SceneVisibilityManager.EditorSceneManagerOnSceneSaving             :        1 samples, Peak.   183 us (1.0x), Avg.   183 us, Total. 183.0 us (0.0%)
[Performance] EditorSceneManager.sceneSaved: UnityEditor.SceneTemplate.SceneTemplateService.OnSceneSaved                     :        1 samples, Peak.   105 ms (1.0x), Avg.   105 ms, Total. 104.8 ms (0.3%)
[Performance] EditorSceneManager.sceneSaved: UnityEditor.SceneVisibilityManager.EditorSceneManagerOnSceneSaved               :        1 samples, Peak.   200 us (1.0x), Avg.   200 us, Total. 199.8 us (0.0%)
[Performance] EditorApplication.quitting: Unity.Burst.Editor.BurstLoader.OnEditorApplicationQuitting                         :        1 samples, Peak.  38.5 us (1.0x), Avg.  38.5 us, Total. 38.50 us (0.0%)
[Performance] EditorApplication.quitting: UnityEditor.Tilemaps.SceneViewGridManager.EditorQuitting                           :        1 samples, Peak.   114 us (1.0x), Avg.   114 us, Total. 113.8 us (0.0%)
[Performance] EditorApplication.quitting: callback in UnityEditor.TextCore.Text.EditorEventCallbacks                         :        1 samples, Peak.  17.9 ms (1.0x), Avg.  17.9 ms, Total. 17.87 ms (0.1%)
[Performance] Application.Shutdown.PauseProfilerSession                                                                      :        1 samples, Peak.  21.2 us (1.0x), Avg.  21.2 us, Total. 21.20 us (0.0%)
[Performance] Application.Shutdown.PauseAssetImportWorkers                                                                   :        1 samples, Peak.   378 us (1.0x), Avg.   378 us, Total. 377.8 us (0.0%)
[Performance] Application.Shutdown.SaveAssets                                                                                :        1 samples, Peak.  4.60 ms (1.0x), Avg.  4.60 ms, Total. 4.604 ms (0.0%)
[Performance] Application.Shutdown.CleanupRenderPipeline                                                                     :        1 samples, Peak.  24.4 us (1.0x), Avg.  24.4 us, Total. 24.40 us (0.0%)
[Performance] Application.Shutdown.StopPreloadManager                                                                        :        1 samples, Peak.  10.4 ms (1.0x), Avg.  10.4 ms, Total. 10.45 ms (0.0%)
[Performance] Application.Shutdown.DestroyWorld                                                                              :        1 samples, Peak.  7.31 ms (1.0x), Avg.  7.31 ms, Total. 7.305 ms (0.0%)
[Performance] Application.Shutdown.CleanupAfterLoad                                                                          :        1 samples, Peak.   164 ms (1.0x), Avg.   164 ms, Total. 164.5 ms (0.5%)
[Performance] Application.Shutdown.Progress                                                                                  :        1 samples, Peak.  4.90 us (1.0x), Avg.  4.90 us, Total. 4.900 us (0.0%)
[Performance] Application.Shutdown.GICleanupManagers                                                                         :        1 samples, Peak.   500 us (1.0x), Avg.   500 us, Total. 500.3 us (0.0%)
[Performance] Application.Shutdown.MenuCleanupClass                                                                          :        1 samples, Peak.   491 us (1.0x), Avg.   491 us, Total. 490.6 us (0.0%)
[Performance] Application.Shutdown.ADBSaveStateBeforeShutdown                                                                :        1 samples, Peak.  8.90 us (1.0x), Avg.  8.90 us, Total. 8.900 us (0.0%)
[Performance] Application.Shutdown.RemoteShutdown                                                                            :        1 samples, Peak.   800 ns (1.0x), Avg.   800 ns, Total. 800.0 ns (0.0%)
[Performance] Application.Shutdown.CleanupVCProvider                                                                         :        1 samples, Peak.  15.8 us (1.0x), Avg.  15.8 us, Total. 15.80 us (0.0%)
[Performance] Application.Shutdown.InputShutdown                                                                             :        1 samples, Peak.   800 ns (1.0x), Avg.   800 ns, Total. 800.0 ns (0.0%)
[Performance] Application.Shutdown.GizmoManagerDestroy                                                                       :        1 samples, Peak.  1.31 ms (1.0x), Avg.  1.31 ms, Total. 1.314 ms (0.0%)
[Performance] Application.Shutdown.ProfilerSession                                                                           :        1 samples, Peak.   177 us (1.0x), Avg.   177 us, Total. 176.6 us (0.0%)
[Performance] Application.Shutdown.ReleaseGfxWindowOnAllGUIViews                                                             :        1 samples, Peak.   700 ns (1.0x), Avg.   700 ns, Total. 700.0 ns (0.0%)
[Performance] Application.Shutdown.CleanupEngine                                                                             :        1 samples, Peak.   151 ms (1.0x), Avg.   151 ms, Total. 151.2 ms (0.4%)
[Performance] Application.Shutdown.CleanupAssetDatabase                                                                      :        1 samples, Peak.   167 ms (1.0x), Avg.   167 ms, Total. 167.1 ms (0.5%)
[Performance] Application.Shutdown.ScriptCompilationCleanUp                                                                  :        1 samples, Peak.  18.2 ms (1.0x), Avg.  18.2 ms, Total. 18.20 ms (0.1%)
[Performance] Application.Shutdown.DestroyJobSystem                                                                          :        1 samples, Peak.   219 us (1.0x), Avg.   219 us, Total. 219.4 us (0.0%)
[Performance] Application.Shutdown.CleanupPersistentManager                                                                  :        1 samples, Peak.  2.72 ms (1.0x), Avg.  2.72 ms, Total. 2.718 ms (0.0%)
[Performance] Application.Shutdown.CleanupAsyncReadManager                                                                   :        1 samples, Peak.   252 us (1.0x), Avg.   252 us, Total. 252.2 us (0.0%)
[Performance] Application.Shutdown.CleanupProgressBar                                                                        :        1 samples, Peak.   300 ns (1.0x), Avg.   300 ns, Total. 300.0 ns (0.0%)
[Performance] Application.Shutdown.CleanupMono                                                                               :        1 samples, Peak.   115 ms (1.0x), Avg.   115 ms, Total. 114.5 ms (0.3%)
[Performance] Application.Shutdown.CleanupStdConverters                                                                      :        1 samples, Peak.  9.10 us (1.0x), Avg.  9.10 us, Total. 9.100 us (0.0%)
[Performance] Application.Shutdown.UnloadAllPlatformSupportModuleNativeDlls                                                  :        1 samples, Peak.   400 ns (1.0x), Avg.   400 ns, Total. 400.0 ns (0.0%)
[Performance] Application.Shutdown.UnloadAllPlatformSupportNativeLibraries                                                   :        1 samples, Peak.   100 ns (1.0x), Avg.   100 ns, Total. 100.0 ns (0.0%)
[Performance] Application.Shutdown.CleanupAutoDocumentation                                                                  :        1 samples, Peak.   424 us (1.0x), Avg.   424 us, Total. 423.6 us (0.0%)
[Performance] Application.Shutdown.ShaderNameManagerDestroy                                                                  :        1 samples, Peak.  54.5 us (1.0x), Avg.  54.5 us, Total. 54.50 us (0.0%)
[Performance] Application.Shutdown.CleanupCacheServer                                                                        :        1 samples, Peak.   100 ns (1.0x), Avg.   100 ns, Total. 100.0 ns (0.0%)
[Performance] Application.Shutdown.Virtualization_Shutdown                                                                   :        1 samples, Peak.   400 ns (1.0x), Avg.   400 ns, Total. 400.0 ns (0.0%)
[Performance] Application.Shutdown.DevConnections                                                                            :        1 samples, Peak.  63.4 us (1.0x), Avg.  63.4 us, Total. 63.40 us (0.0%)
Exiting batchmode successfully now!
Exiting without the bug reporter. Application will terminate with return code 0