[Licensing::Module] Trying to connect to existing licensing client channel...
[Licensing::IpcConnector] Successfully connected to: "LicenseClient-admin" at "2026-07-01T03:37:22.3302608Z"
[Licensing::Client] Code 10 while verifying Licensing Client signature (process Id: 17356, path: "H:/UnityEditorFromG/unity/Editor/Data/Resources/Licensing/Client/Unity.Licensing.Client.exe")
[Licensing::Module] LicensingClient has failed validation; ignoring
[Licensing::Client] Handshaking with LicensingClient:
  Version:                 1.16.2+bdef8f5
  Session Id:              81fec497285c4d17859c3ddb7ed1dc02
  Correlation Id:          7ca1905ad7eee30a28dcc4b9c44b183f
  External correlation Id: 1872577435320643330
  Machine Id:              KyWCacI71HsTcmMU7ROxAWRbkWo=
[Licensing::Module] Successfully connected to LicensingClient on channel: "LicenseClient-admin" (connect: 0.00s, validation: 0.02s, handshake: 0.11s)
[Licensing::IpcConnector] Successfully connected to: "LicenseClient-admin-notifications" at "2026-07-01T03:37:22.4534405Z"
[Licensing::Module] Error: Access token is unavailable; failed to update
[Licensing::Client] Error: Code 500 while processing request (status: Unable to update licenses. Errors: Request (POST https://license.unity3d.com/update/poll?cmd=2&tx_id=b2f774ddd9e2409e914c71539a02a61d) failed [400 Bad Request]: Bad ULF signature - suspect foul play,Token not found in cache)
[Licensing::Client] Error: Code 500 while updating license in client (status: Unable to update licenses. Errors: Request (POST https://license.unity3d.com/update/poll?cmd=2&tx_id=b2f774ddd9e2409e914c71539a02a61d) failed [400 Bad Request]: Bad ULF signature - suspect foul play,Token not found in cache)
Built from '2022.3/staging' branch; Version is '2022.3.62f1 (4af31df58517) revision 4911901'; Using compiler version '192829333'; Build Type 'Release'
OS: 'Windows 10  (10.0.19045) 64bit Professional' Language: 'zh' Physical Memory: 32700 MB
[Licensing::Client] Successfully resolved entitlement details
[Licensing::Module] Serial number assigned to: "F4-QKO8-KK5T-GXJU-BE2Q-XXXX"
BatchMode: 1, IsHumanControllingUs: 0, StartBugReporterOnCrash: 0, Is64bit: 1, IsPro: 1
[Licensing::Client] Successfully resolved entitlement details

COMMAND LINE ARGUMENTS:
H:\UnityEditorFromG\unity\Editor\Unity.exe
-batchmode
-quit
-projectPath
F:\Unityproject\ArrowLevel-Hand
-executeMethod
PixelBug.ArrowMagic.EditorTools.Campaign500FirstAssemblyPreviewBuilder.BuildRhythmV4FinalPreviewPack
-logFile
Exports\Campaign500_FirstAssembly_20260701_RhythmV4Final\campaign500_rhythm_v4_final_pack_unity.log
Successfully changed project path to: F:\Unityproject\ArrowLevel-Hand
F:/Unityproject/ArrowLevel-Hand
[UnityMemory] Configuration Parameters - Can be set up in boot.config
    "memorysetup-bucket-allocator-granularity=16"
    "memorysetup-bucket-allocator-bucket-count=8"
    "memorysetup-bucket-allocator-block-size=33554432"
    "memorysetup-bucket-allocator-block-count=8"
    "memorysetup-main-allocator-block-size=16777216"
    "memorysetup-thread-allocator-block-size=16777216"
    "memorysetup-gfx-main-allocator-block-size=16777216"
    "memorysetup-gfx-thread-allocator-block-size=16777216"
    "memorysetup-cache-allocator-block-size=4194304"
    "memorysetup-typetree-allocator-block-size=2097152"
    "memorysetup-profiler-bucket-allocator-granularity=16"
    "memorysetup-profiler-bucket-allocator-bucket-count=8"
    "memorysetup-profiler-bucket-allocator-block-size=33554432"
    "memorysetup-profiler-bucket-allocator-block-count=8"
    "memorysetup-profiler-allocator-block-size=16777216"
    "memorysetup-profiler-editor-allocator-block-size=1048576"
    "memorysetup-temp-allocator-size-main=16777216"
    "memorysetup-job-temp-allocator-block-size=2097152"
    "memorysetup-job-temp-allocator-block-size-background=1048576"
    "memorysetup-job-temp-allocator-reduction-small-platforms=262144"
    "memorysetup-allocator-temp-initial-block-size-main=262144"
    "memorysetup-allocator-temp-initial-block-size-worker=262144"
    "memorysetup-temp-allocator-size-background-worker=32768"
    "memorysetup-temp-allocator-size-job-worker=262144"
    "memorysetup-temp-allocator-size-preload-manager=33554432"
    "memorysetup-temp-allocator-size-nav-mesh-worker=65536"
    "memorysetup-temp-allocator-size-audio-worker=65536"
    "memorysetup-temp-allocator-size-cloud-worker=32768"
    "memorysetup-temp-allocator-size-gi-baking-worker=262144"
    "memorysetup-temp-allocator-size-gfx=262144"
Player connection [27668]  Target information:

Player connection [27668]  * "[IP] 172.18.16.36 [Port] 55505 [Flags] 2 [Guid] 2551152973 [EditorId] 2551152973 [Version] 1048832 [Id] WindowsEditor(7,DESKTOP-UAT1V2Q) [Debug] 1 [PackageName] WindowsEditor [ProjectName] Editor" 

Player connection [27668] Host joined multi-casting on [225.0.0.222:54997]...
Player connection [27668] Host joined alternative multi-casting on [225.0.0.222:34997]...
Input System module state changed to: Initialized.
[PhysX] Initialized MultithreadedTaskDispatcher with 16 workers.
[Package Manager] UpmClient::Connect -- Connected to IPC stream "Upm-21980" after 0.4 seconds.
[Package Manager] Restoring resolved packages state from cache
[Licensing::Client] Successfully resolved entitlement details
[Package Manager] Registered 55 packages:
  Packages from [https://packages.unity.com]:
    com.unity.collab-proxy@2.7.1 (location: F:\Unityproject\ArrowLevel-Hand\Library\PackageCache\com.unity.collab-proxy@2.7.1)
    com.unity.ide.rider@3.0.36 (location: F:\Unityproject\ArrowLevel-Hand\Library\PackageCache\com.unity.ide.rider@3.0.36)
    com.unity.ide.visualstudio@2.0.22 (location: F:\Unityproject\ArrowLevel-Hand\Library\PackageCache\com.unity.ide.visualstudio@2.0.22)
    com.unity.test-framework@1.1.33 (location: F:\Unityproject\ArrowLevel-Hand\Library\PackageCache\com.unity.test-framework@1.1.33)
    com.unity.textmeshpro@3.0.7 (location: F:\Unityproject\ArrowLevel-Hand\Library\PackageCache\com.unity.textmeshpro@3.0.7)
    com.unity.timeline@1.7.7 (location: F:\Unityproject\ArrowLevel-Hand\Library\PackageCache\com.unity.timeline@1.7.7)
    com.unity.visualscripting@1.9.4 (location: F:\Unityproject\ArrowLevel-Hand\Library\PackageCache\com.unity.visualscripting@1.9.4)
    com.unity.ext.nunit@1.0.6 (location: F:\Unityproject\ArrowLevel-Hand\Library\PackageCache\com.unity.ext.nunit@1.0.6)
    com.unity.2d.animation@9.2.0 (location: F:\Unityproject\ArrowLevel-Hand\Library\PackageCache\com.unity.2d.animation@9.2.0)
    com.unity.2d.pixel-perfect@5.1.0 (location: F:\Unityproject\ArrowLevel-Hand\Library\PackageCache\com.unity.2d.pixel-perfect@5.1.0)
    com.unity.2d.psdimporter@8.1.0 (location: F:\Unityproject\ArrowLevel-Hand\Library\PackageCache\com.unity.2d.psdimporter@8.1.0)
    com.unity.2d.spriteshape@9.1.0 (location: F:\Unityproject\ArrowLevel-Hand\Library\PackageCache\com.unity.2d.spriteshape@9.1.0)
    com.unity.2d.tilemap.extras@3.1.3 (location: F:\Unityproject\ArrowLevel-Hand\Library\PackageCache\com.unity.2d.tilemap.extras@3.1.3)
    com.unity.2d.aseprite@1.1.9 (location: F:\Unityproject\ArrowLevel-Hand\Library\PackageCache\com.unity.2d.aseprite@1.1.9)
    com.unity.2d.common@8.1.0 (location: F:\Unityproject\ArrowLevel-Hand\Library\PackageCache\com.unity.2d.common@8.1.0)
    com.unity.mathematics@1.2.6 (location: F:\Unityproject\ArrowLevel-Hand\Library\PackageCache\com.unity.mathematics@1.2.6)
    com.unity.collections@1.2.4 (location: F:\Unityproject\ArrowLevel-Hand\Library\PackageCache\com.unity.collections@1.2.4)
    com.unity.burst@1.8.21 (location: F:\Unityproject\ArrowLevel-Hand\Library\PackageCache\com.unity.burst@1.8.21)
  Built-in packages:
    com.unity.feature.2d@2.0.1 (location: F:\Unityproject\ArrowLevel-Hand\Library\PackageCache\com.unity.feature.2d@2.0.1)
    com.unity.ugui@1.0.0 (location: F:\Unityproject\ArrowLevel-Hand\Library\PackageCache\com.unity.ugui@1.0.0)
    com.unity.modules.ai@1.0.0 (location: F:\Unityproject\ArrowLevel-Hand\Library\PackageCache\com.unity.modules.ai@1.0.0)
    com.unity.modules.androidjni@1.0.0 (location: F:\Unityproject\ArrowLevel-Hand\Library\PackageCache\com.unity.modules.androidjni@1.0.0)
    com.unity.modules.animation@1.0.0 (location: F:\Unityproject\ArrowLevel-Hand\Library\PackageCache\com.unity.modules.animation@1.0.0)
    com.unity.modules.assetbundle@1.0.0 (location: F:\Unityproject\ArrowLevel-Hand\Library\PackageCache\com.unity.modules.assetbundle@1.0.0)
    com.unity.modules.audio@1.0.0 (location: F:\Unityproject\ArrowLevel-Hand\Library\PackageCache\com.unity.modules.audio@1.0.0)
    com.unity.modules.cloth@1.0.0 (location: F:\Unityproject\ArrowLevel-Hand\Library\PackageCache\com.unity.modules.cloth@1.0.0)
    com.unity.modules.director@1.0.0 (location: F:\Unityproject\ArrowLevel-Hand\Library\PackageCache\com.unity.modules.director@1.0.0)
    com.unity.modules.imageconversion@1.0.0 (location: F:\Unityproject\ArrowLevel-Hand\Library\PackageCache\com.unity.modules.imageconversion@1.0.0)
    com.unity.modules.imgui@1.0.0 (location: F:\Unityproject\ArrowLevel-Hand\Library\PackageCache\com.unity.modules.imgui@1.0.0)
    com.unity.modules.jsonserialize@1.0.0 (location: F:\Unityproject\ArrowLevel-Hand\Library\PackageCache\com.unity.modules.jsonserialize@1.0.0)
    com.unity.modules.particlesystem@1.0.0 (location: F:\Unityproject\ArrowLevel-Hand\Library\PackageCache\com.unity.modules.particlesystem@1.0.0)
    com.unity.modules.physics@1.0.0 (location: F:\Unityproject\ArrowLevel-Hand\Library\PackageCache\com.unity.modules.physics@1.0.0)
    com.unity.modules.physics2d@1.0.0 (location: F:\Unityproject\ArrowLevel-Hand\Library\PackageCache\com.unity.modules.physics2d@1.0.0)
    com.unity.modules.screencapture@1.0.0 (location: F:\Unityproject\ArrowLevel-Hand\Library\PackageCache\com.unity.modules.screencapture@1.0.0)
    com.unity.modules.terrain@1.0.0 (location: F:\Unityproject\ArrowLevel-Hand\Library\PackageCache\com.unity.modules.terrain@1.0.0)
    com.unity.modules.terrainphysics@1.0.0 (location: F:\Unityproject\ArrowLevel-Hand\Library\PackageCache\com.unity.modules.terrainphysics@1.0.0)
    com.unity.modules.tilemap@1.0.0 (location: F:\Unityproject\ArrowLevel-Hand\Library\PackageCache\com.unity.modules.tilemap@1.0.0)
    com.unity.modules.ui@1.0.0 (location: F:\Unityproject\ArrowLevel-Hand\Library\PackageCache\com.unity.modules.ui@1.0.0)
    com.unity.modules.uielements@1.0.0 (location: F:\Unityproject\ArrowLevel-Hand\Library\PackageCache\com.unity.modules.uielements@1.0.0)
    com.unity.modules.umbra@1.0.0 (location: F:\Unityproject\ArrowLevel-Hand\Library\PackageCache\com.unity.modules.umbra@1.0.0)
    com.unity.modules.unityanalytics@1.0.0 (location: F:\Unityproject\ArrowLevel-Hand\Library\PackageCache\com.unity.modules.unityanalytics@1.0.0)
    com.unity.modules.unitywebrequest@1.0.0 (location: F:\Unityproject\ArrowLevel-Hand\Library\PackageCache\com.unity.modules.unitywebrequest@1.0.0)
    com.unity.modules.unitywebrequestassetbundle@1.0.0 (location: F:\Unityproject\ArrowLevel-Hand\Library\PackageCache\com.unity.modules.unitywebrequestassetbundle@1.0.0)
    com.unity.modules.unitywebrequestaudio@1.0.0 (location: F:\Unityproject\ArrowLevel-Hand\Library\PackageCache\com.unity.modules.unitywebrequestaudio@1.0.0)
    com.unity.modules.unitywebrequesttexture@1.0.0 (location: F:\Unityproject\ArrowLevel-Hand\Library\PackageCache\com.unity.modules.unitywebrequesttexture@1.0.0)
    com.unity.modules.unitywebrequestwww@1.0.0 (location: F:\Unityproject\ArrowLevel-Hand\Library\PackageCache\com.unity.modules.unitywebrequestwww@1.0.0)
    com.unity.modules.vehicles@1.0.0 (location: F:\Unityproject\ArrowLevel-Hand\Library\PackageCache\com.unity.modules.vehicles@1.0.0)
    com.unity.modules.video@1.0.0 (location: F:\Unityproject\ArrowLevel-Hand\Library\PackageCache\com.unity.modules.video@1.0.0)
    com.unity.modules.vr@1.0.0 (location: F:\Unityproject\ArrowLevel-Hand\Library\PackageCache\com.unity.modules.vr@1.0.0)
    com.unity.modules.wind@1.0.0 (location: F:\Unityproject\ArrowLevel-Hand\Library\PackageCache\com.unity.modules.wind@1.0.0)
    com.unity.modules.xr@1.0.0 (location: F:\Unityproject\ArrowLevel-Hand\Library\PackageCache\com.unity.modules.xr@1.0.0)
    com.unity.modules.subsystems@1.0.0 (location: F:\Unityproject\ArrowLevel-Hand\Library\PackageCache\com.unity.modules.subsystems@1.0.0)
    com.unity.2d.sprite@1.0.0 (location: F:\Unityproject\ArrowLevel-Hand\Library\PackageCache\com.unity.2d.sprite@1.0.0)
    com.unity.2d.tilemap@1.0.0 (location: F:\Unityproject\ArrowLevel-Hand\Library\PackageCache\com.unity.2d.tilemap@1.0.0)
  Embedded packages:
    com.pixelbug.arrow-level-generator@file:F:\Unityproject\ArrowLevel-Hand\Packages\com.pixelbug.arrow-level-generator (location: F:\Unityproject\ArrowLevel-Hand\Packages\com.pixelbug.arrow-level-generator)
[Subsystems] No new subsystems found in resolved package list.
Package Manager log level set to [2]
[Package Manager] Done registering packages in 0.18 seconds
Refreshing native plugins compatible for Editor in 38.23 ms, found 4 plugins.
Preloading 0 native plugins for Editor in 0.00 ms.
Initialize engine version: 2022.3.62f1 (4af31df58517)
[Subsystems] Discovering subsystems at path H:/UnityEditorFromG/unity/Editor/Data/Resources/UnitySubsystems
[Subsystems] Discovering subsystems at path F:/Unityproject/ArrowLevel-Hand/Assets
GfxDevice: creating device client; threaded=0; jobified=0
Direct3D:
    Version:  Direct3D 11.0 [level 11.1]
    Renderer: NVIDIA GeForce GTX 1660 SUPER (ID=0x21c4)
    Vendor:   NVIDIA
    VRAM:     5966 MB
    Driver:   32.0.15.9597
[Licensing::Client] Successfully resolved entitlement details
Initialize mono
Mono path[0] = 'H:/UnityEditorFromG/unity/Editor/Data/Managed'
Mono path[1] = 'H:/UnityEditorFromG/unity/Editor/Data/MonoBleedingEdge/lib/mono/unityjit-win32'
Mono config path = 'H:/UnityEditorFromG/unity/Editor/Data/MonoBleedingEdge/etc'
Using monoOptions --debugger-agent=transport=dt_socket,embedding=1,server=y,suspend=n,address=127.0.0.1:56980
Using cacheserver namespaces - metadata:defaultmetadata, artifacts:defaultartifacts
Using cacheserver namespaces - metadata:defaultmetadata, artifacts:defaultartifacts
ImportWorker Server TCP listen port: 0
Begin MonoManager ReloadAssembly
Registering precompiled unity dll's ...
Register platform support module: H:/UnityEditorFromG/unity/Editor/Data/PlaybackEngines/WindowsStandaloneSupport/UnityEditor.WindowsStandalone.Extensions.dll
Registered in 0.005315 seconds.
- Loaded All Assemblies, in  0.309 seconds
Native extension for WindowsStandalone target not found
Mono: successfully reloaded assembly
- Finished resetting the current domain, in  0.263 seconds
Domain Reload Profiling: 570ms
	BeginReloadAssembly (91ms)
		ExecutionOrderSort (0ms)
		DisableScriptedObjects (0ms)
		BackupInstance (0ms)
		ReleaseScriptingObjects (0ms)
		CreateAndSetChildDomain (1ms)
	RebuildCommonClasses (31ms)
	RebuildNativeTypeToScriptingClass (10ms)
	initialDomainReloadingComplete (49ms)
	LoadAllAssembliesAndSetupDomain (126ms)
		LoadAssemblies (89ms)
		RebuildTransferFunctionScriptingTraits (0ms)
		AnalyzeDomain (125ms)
			TypeCache.Refresh (123ms)
				TypeCache.ScanAssembly (110ms)
			ScanForSourceGeneratedMonoScriptInfo (0ms)
			ResolveRequiredComponents (0ms)
	FinalizeReload (263ms)
		ReleaseScriptCaches (0ms)
		RebuildScriptCaches (0ms)
		SetupLoadedEditorAssemblies (212ms)
			LogAssemblyErrors (0ms)
			InitializePlatformSupportModulesInManaged (9ms)
			SetLoadedEditorAssemblies (7ms)
			RefreshPlugins (0ms)
			BeforeProcessingInitializeOnLoad (2ms)
			ProcessInitializeOnLoadAttributes (142ms)
			ProcessInitializeOnLoadMethodAttributes (51ms)
			AfterProcessingInitializeOnLoad (0ms)
			EditorAssembliesLoaded (0ms)
		ExecutionOrderSort2 (0ms)
		AwakeInstancesAfterBackupRestoration (0ms)
[Licensing::Client] Successfully resolved entitlement details
Application.AssetDatabase Initial Refresh Start
[ScriptCompilation] Requested script compilation because: Assetdatabase observed changes in script compilation related files
info: Microsoft.Hosting.Lifetime[14]
      Now listening on: http://localhost:80
info: Microsoft.Hosting.Lifetime[0]
      Application started. Press Ctrl+C to shut down.
info: Microsoft.Hosting.Lifetime[0]
      Hosting environment: Production
info: Microsoft.Hosting.Lifetime[0]
      Content root path: F:\Unityproject\ArrowLevel-Hand\
info: Microsoft.AspNetCore.Hosting.Diagnostics[1]
      Request starting HTTP/2 POST http://ilpp/UnityILPP.PostProcessing/Ping application/grpc -
info: Microsoft.AspNetCore.Routing.EndpointMiddleware[0]
      Executing endpoint 'gRPC - /UnityILPP.PostProcessing/Ping'
info: Microsoft.AspNetCore.Routing.EndpointMiddleware[1]
      Executed endpoint 'gRPC - /UnityILPP.PostProcessing/Ping'
info: Microsoft.AspNetCore.Hosting.Diagnostics[2]
      Request finished HTTP/2 POST http://ilpp/UnityILPP.PostProcessing/Ping application/grpc - - 200 - application/grpc 44.1303ms
Starting: H:\UnityEditorFromG\unity\Editor\Data\bee_backend.exe --ipc --defer-dag-verification --dagfile="Library/Bee/1900b0aE.dag" --continue-on-failure --profile="Library/Bee/backend1.traceevents" ScriptAssemblies
WorkingDir: F:/Unityproject/ArrowLevel-Hand
DisplayProgressbar: Compiling Scripts
info: Microsoft.AspNetCore.Hosting.Diagnostics[1]
      Request starting HTTP/2 POST http://ilpp/UnityILPP.PostProcessing/ConfigurePostProcessors application/grpc -
info: Microsoft.AspNetCore.Routing.EndpointMiddleware[0]
      Executing endpoint 'gRPC - /UnityILPP.PostProcessing/ConfigurePostProcessors'
warn: Unity.ILPP.Runner.PostProcessingAssemblyLoadContext[0]
      Assembly system.runtime.interopservices.windowsruntime has duplicate hint path. Ignoring "H:\UnityEditorFromG\unity\Editor\Data\UnityReferenceAssemblies\unity-4.8-api\Facades\System.Runtime.InteropServices.WindowsRuntime.dll" in favor of "H:\UnityEditorFromG\unity\Editor\Data\NetStandard\Extensions\2.0.0\System.Runtime.InteropServices.WindowsRuntime.dll"
warn: Unity.ILPP.Runner.PostProcessingAssemblyLoadContext[0]
      Assembly system.componentmodel.composition has duplicate hint path. Ignoring "H:\UnityEditorFromG\unity\Editor\Data\UnityReferenceAssemblies\unity-4.8-api\System.ComponentModel.Composition.dll" in favor of "H:\UnityEditorFromG\unity\Editor\Data\NetStandard\compat\2.1.0\shims\netfx\System.ComponentModel.Composition.dll"
info: Unity.ILPP.Runner.PostProcessingAssemblyLoadContext[0]
      Resolved Unity.Burst.Cecil, Version=0.11.4.0, Culture=neutral, PublicKeyToken=50cebf1cceb9d05e with Library\PackageCache\com.unity.burst@1.8.21\Unity.Burst.CodeGen\Unity.Burst.Cecil.dll
info: Microsoft.AspNetCore.Routing.EndpointMiddleware[1]
      Executed endpoint 'gRPC - /UnityILPP.PostProcessing/ConfigurePostProcessors'
info: Microsoft.AspNetCore.Hosting.Diagnostics[2]
      Request finished HTTP/2 POST http://ilpp/UnityILPP.PostProcessing/ConfigurePostProcessors application/grpc - - 200 - application/grpc 42.1442ms
ExitCode: 4 Duration: 2s764ms
Rebuilding DAG because FileSignature timestamp changed: Library/Bee/1900b0aE-inputdata.json
[513/656    0s] ILPP-Configuration Library/ilpp-configuration.nevergeneratedoutput
[514/656    2s] Csc Library/Bee/artifacts/1900b0aE.dag/Assembly-CSharp-Editor.dll (+2 others)
Assets\ArrowMagic\Editor\MaskPreviewPackBuilder_Experiment.cs(4960,13): warning CS0162: Unreachable code detected
*** Tundra requires additional run (2.72 seconds), 2 items updated, 512 evaluated
Starting: H:\UnityEditorFromG\unity\Editor\Data\Tools\netcorerun\netcorerun.exe "H:\UnityEditorFromG\unity\Editor\Data\Tools\BuildPipeline\ScriptCompilationBuildProgram.exe" "Library/Bee/1900b0aE.dag.json" "Library/Bee/1900b0aE-inputdata.json" "Library\Bee\buildprogram0.traceevents"
WorkingDir: F:/Unityproject/ArrowLevel-Hand
ExitCode: 0 Duration: 0s525ms
Starting: H:\UnityEditorFromG\unity\Editor\Data\bee_backend.exe --ipc --defer-dag-verification --dagfile="Library/Bee/1900b0aE.dag" --continue-on-failure --dagfilejson="Library\Bee\1900b0aE.dag.json" --profile="Library/Bee/backend2.traceevents" ScriptAssemblies
WorkingDir: F:/Unityproject/ArrowLevel-Hand
info: Microsoft.AspNetCore.Hosting.Diagnostics[1]
      Request starting HTTP/2 POST http://ilpp/UnityILPP.PostProcessing/ConfigurePostProcessors application/grpc -
info: Microsoft.AspNetCore.Routing.EndpointMiddleware[0]
      Executing endpoint 'gRPC - /UnityILPP.PostProcessing/ConfigurePostProcessors'
info: Unity.ILPP.Runner.PostProcessingAssemblyLoadContext[0]
      Current configuration matches the requested one, skipping
info: Microsoft.AspNetCore.Routing.EndpointMiddleware[1]
      Executed endpoint 'gRPC - /UnityILPP.PostProcessing/ConfigurePostProcessors'
info: Microsoft.AspNetCore.Hosting.Diagnostics[2]
      Request finished HTTP/2 POST http://ilpp/UnityILPP.PostProcessing/ConfigurePostProcessors application/grpc - - 200 - application/grpc 1.1477ms
info: Microsoft.AspNetCore.Hosting.Diagnostics[1]
      Request starting HTTP/2 POST http://ilpp/UnityILPP.PostProcessing/PostProcessAssembly application/grpc -
info: Microsoft.AspNetCore.Routing.EndpointMiddleware[0]
      Executing endpoint 'gRPC - /UnityILPP.PostProcessing/PostProcessAssembly'
info: Unity.ILPP.Runner.PostProcessingPipeline[0]
      Processing assembly Library/Bee/artifacts/1900b0aE.dag/Assembly-CSharp-Editor.dll, with 118 defines and 268 references
info: Unity.ILPP.Runner.PostProcessingPipeline[0]
      processors: zzzUnity.Burst.CodeGen.BurstILPostProcessor
info: Unity.ILPP.Runner.PostProcessingPipeline[0]
      running zzzUnity.Burst.CodeGen.BurstILPostProcessor
info: Unity.ILPP.Runner.PostProcessingAssemblyLoadContext[0]
      Resolved Unity.Burst.Cecil.Rocks, Version=0.11.4.0, Culture=neutral, PublicKeyToken=50cebf1cceb9d05e with Library\PackageCache\com.unity.burst@1.8.21\Unity.Burst.CodeGen\Unity.Burst.Cecil.Rocks.dll
info: Microsoft.AspNetCore.Routing.EndpointMiddleware[1]
      Executed endpoint 'gRPC - /UnityILPP.PostProcessing/PostProcessAssembly'
info: Microsoft.AspNetCore.Hosting.Diagnostics[2]
      Request finished HTTP/2 POST http://ilpp/UnityILPP.PostProcessing/PostProcessAssembly application/grpc - - 200 - application/grpc 349.2028ms
ExitCode: 0 Duration: 7s177ms
Finished compiling graph: 659 nodes, 9047 flattened edges (7271 ToBuild, 104 ToUse), maximum node priority 659
[514/656    0s] ILPP-Configuration Library/ilpp-configuration.nevergeneratedoutput
[653/656    0s] ILPostProcess Library/Bee/artifacts/1900b0aE.dag/post-processed/Assembly-CSharp-Editor.dll (+pdb)
Processing assembly Library/Bee/artifacts/1900b0aE.dag/Assembly-CSharp-Editor.dll, with 118 defines and 268 references

processors: zzzUnity.Burst.CodeGen.BurstILPostProcessor

running zzzUnity.Burst.CodeGen.BurstILPostProcessor
[654/656    0s] CopyFiles Library/ScriptAssemblies/Assembly-CSharp-Editor.pdb
[655/656    0s] CopyFiles Library/ScriptAssemblies/Assembly-CSharp-Editor.dll
*** Tundra build success (7.15 seconds), 4 items updated, 656 evaluated
AssetDatabase: script compilation time: 10.972948s
Begin MonoManager ReloadAssembly
Total cache size 70787664
Total cache size after purge 70787664
- Loaded All Assemblies, in  0.900 seconds
Refreshing native plugins compatible for Editor in 13.60 ms, found 4 plugins.
Preloading 0 native plugins for Editor in 0.00 ms.
Start importing Assets/ArrowMagic/Editor/Campaign500FirstAssemblyPreviewBuilder.cs using Guid(a83e40e7ddee9b047b50dfd0e8edb0b7) Importer(-1,00000000000000000000000000000000) [PhysX] Initialized MultithreadedTaskDispatcher with 16 workers.
 -> (artifact id: 'adc83dfae4e31583601dcb555f14c444') in 0.182235 seconds
Refreshing native plugins compatible for Editor in 13.16 ms, found 4 plugins.
Native extension for WindowsStandalone target not found
Mono: successfully reloaded assembly
- Finished resetting the current domain, in  2.679 seconds
Domain Reload Profiling: 3570ms
	BeginReloadAssembly (254ms)
		ExecutionOrderSort (0ms)
		DisableScriptedObjects (9ms)
		BackupInstance (0ms)
		ReleaseScriptingObjects (0ms)
		CreateAndSetChildDomain (36ms)
	RebuildCommonClasses (47ms)
	RebuildNativeTypeToScriptingClass (13ms)
	initialDomainReloadingComplete (55ms)
	LoadAllAssembliesAndSetupDomain (521ms)
		LoadAssemblies (460ms)
		RebuildTransferFunctionScriptingTraits (0ms)
		AnalyzeDomain (209ms)
			TypeCache.Refresh (173ms)
				TypeCache.ScanAssembly (157ms)
			ScanForSourceGeneratedMonoScriptInfo (28ms)
			ResolveRequiredComponents (6ms)
	FinalizeReload (2679ms)
		ReleaseScriptCaches (0ms)
		RebuildScriptCaches (0ms)
		SetupLoadedEditorAssemblies (2517ms)
			LogAssemblyErrors (0ms)
			InitializePlatformSupportModulesInManaged (7ms)
			SetLoadedEditorAssemblies (5ms)
			RefreshPlugins (0ms)
			BeforeProcessingInitializeOnLoad (101ms)
			ProcessInitializeOnLoadAttributes (2282ms)
			ProcessInitializeOnLoadMethodAttributes (112ms)
			AfterProcessingInitializeOnLoad (10ms)
			EditorAssembliesLoaded (0ms)
		ExecutionOrderSort2 (0ms)
		AwakeInstancesAfterBackupRestoration (10ms)
Refreshing native plugins compatible for Editor in 10.66 ms, found 4 plugins.
Preloading 0 native plugins for Editor in 0.00 ms.
Asset Pipeline Refresh (id=709185dca2084d6408a5afc06964a094): Total: 17.534 seconds - Initiated by InitialRefreshV2(ForceSynchronousImport)
	Summary:
		Imports: total=1 (actual=1, local cache=0, cache server=0)
		Asset DB Process Time: managed=4 ms, native=2651 ms
		Asset DB Callback time: managed=127 ms, native=16 ms
		Scripting: domain reloads=1, domain reload time=3702 ms, compile time=10976 ms, other=53 ms
		Project Asset Count: scripts=5250, non-scripts=9094
		Asset File Changes: new=0, changed=1, moved=0, deleted=0
		Scan Filter Count: 0
	InvokeBeforeRefreshCallbacks: 1.743ms
	ApplyChangesToAssetFolders: 0.058ms
	Scan: 130.468ms
	OnSourceAssetsModified: 2.384ms
	GetAllGuidsForCategorization: 3.625ms
	CategorizeAssets: 287.877ms
	ImportOutOfDateAssets: 2925.164ms (-8260.960ms without children)
		ImportManagerImport: 185.723ms (2.797ms without children)
			ImportInProcess: 182.898ms
			UpdateCategorizedAssets: 0.029ms
		CompileScripts: 10975.854ms
		ReloadNativeAssets: 0.001ms
		UnloadImportedAssets: 18.621ms
		ReloadImportedAssets: 0.473ms
		EnsureUptoDateAssetsAreRegisteredWithGuidPM: 3.624ms
		InitializingProgressBar: 0.001ms
		PostProcessAllAssetNotificationsAddChangedAssets: 0.000ms
		OnDemandSchedulerStart: 1.827ms
	PostProcessAllAssets: 129.070ms
	Hotreload: 11.246ms
	GatherAllCurrentPrimaryArtifactRevisions: 0.000ms
	UnloadStreamsBegin: 0.240ms
	PersistCurrentRevisions: 0.691ms
	UnloadStreamsEnd: 0.067ms
	GenerateScriptTypeHashes: 0.722ms
	Untracked: 14040.977ms
Application.AssetDatabase Initial Refresh End
Launched and connected shader compiler UnityShaderCompiler.exe after 0.06 seconds
Scanning for USB devices : 2.613ms
Initializing Unity extensions:
[Licensing::Client] Successfully resolved entitlement details
[MODES] ModeService[none].Initialize
[MODES] ModeService[none].LoadModes
[MODES] Loading mode Default (0) for mode-current-id-ArrowLevel-Hand
[PhysX] Initialized MultithreadedTaskDispatcher with 16 workers.
ProgressiveSceneManager::Cancel()
Unloading 3 Unused Serialized files (Serialized files now loaded: 0)
Unloading 78 unused Assets / (482.8 KB). Loaded Objects now: 4583.
Memory consumption went from 141.1 MB to 140.7 MB.
Total: 5.157000 ms (FindLiveObjects: 0.336100 ms CreateObjectMapping: 0.370100 ms MarkObjects: 4.148300 ms  DeleteObjects: 0.301400 ms)

Asset Pipeline Refresh (id=71b7490e8deeb0f4ca1a764954aabef3): Total: 0.055 seconds - Initiated by RefreshV2(ForceUpdate)
Start importing Assets/ArrowMagic/SOData/Packs/Campaign500/Campaign500FirstAssemblyRhythmV4FinalPreviewPack.asset using Guid(6314e181422e089488110d180f31b44f) Importer(-1,00000000000000000000000000000000) [PhysX] Initialized MultithreadedTaskDispatcher with 16 workers.
 -> (artifact id: '38c7e51cb2536e5a046a7740b059d563') in 0.004153 seconds
Refreshing native plugins compatible for Editor in 11.23 ms, found 4 plugins.
Preloading 0 native plugins for Editor in 0.00 ms.
Asset Pipeline Refresh (id=fb7a184fd8919a540aa4a778197903e2): Total: 0.066 seconds - Initiated by StopAssetImportingV2(NoUpdateAssetOptions)
Start importing Assets/ArrowMagic/SOData/Packs/Campaign500/Campaign500FirstAssemblyRhythmV4FinalPreviewPack.asset using Guid(6314e181422e089488110d180f31b44f) Importer(-1,00000000000000000000000000000000) [PhysX] Initialized MultithreadedTaskDispatcher with 16 workers.
 -> (artifact id: '38c7e51cb2536e5a046a7740b059d563') in 0.004589 seconds
Refreshing native plugins compatible for Editor in 15.41 ms, found 4 plugins.
Preloading 0 native plugins for Editor in 0.00 ms.
Asset Pipeline Refresh (id=4387289f3b555e549bdce4b2abaea6b4): Total: 0.062 seconds - Initiated by StopAssetImportingV2(NoUpdateAssetOptions)
Opening scene 'Assets/ArrowMagic/Scenes/Demo.unity'
[PhysX] Initialized MultithreadedTaskDispatcher with 16 workers.
Unloading 25 Unused Serialized files (Serialized files now loaded: 0)
Loaded scene 'Assets/ArrowMagic/Scenes/Demo.unity'
	Deserialize:            62.974 ms
	Integration:            442.549 ms
	Integration of assets:  18.236 ms
	Thread Wait Time:       -0.016 ms
	Total Operation Time:   523.743 ms
Unloading 266 unused Assets / (135.7 KB). Loaded Objects now: 5234.
Memory consumption went from 144.0 MB to 143.9 MB.
Total: 8.642000 ms (FindLiveObjects: 0.393100 ms CreateObjectMapping: 0.403500 ms MarkObjects: 7.536600 ms  DeleteObjects: 0.307800 ms)

Start importing Assets/ArrowMagic/Scenes/Demo.unity using Guid(2836e63d9d67642549a558eb7747c789) Importer(-1,00000000000000000000000000000000) [PhysX] Initialized MultithreadedTaskDispatcher with 16 workers.
 -> (artifact id: 'dc93d61d43e3466b67c6aa3ba8258c03') in 0.001494 seconds
Refreshing native plugins compatible for Editor in 11.04 ms, found 4 plugins.
Preloading 0 native plugins for Editor in 0.00 ms.
Asset Pipeline Refresh (id=f165c1f67bc47064e9ef58cabdb8cb66): Total: 0.067 seconds - Initiated by StopAssetImportingV2(NoUpdateAssetOptions)
[Campaign500FirstAssemblyPreviewBuilder] Attached pack to demo: Assets/ArrowMagic/SOData/Packs/Campaign500/Campaign500FirstAssemblyRhythmV4FinalPreviewPack.asset
UnityEngine.StackTraceUtility:ExtractStackTrace ()
UnityEngine.DebugLogHandler:LogFormat (UnityEngine.LogType,UnityEngine.Object,string,object[])
UnityEngine.Logger:Log (UnityEngine.LogType,object)
UnityEngine.Debug:Log (object)
PixelBug.ArrowMagic.EditorTools.Campaign500FirstAssemblyPreviewBuilder:AttachPackToDemo (PixelBug.ArrowMagic.LevelPack) (at Assets/ArrowMagic/Editor/Campaign500FirstAssemblyPreviewBuilder.cs:304)
PixelBug.ArrowMagic.EditorTools.Campaign500FirstAssemblyPreviewBuilder:BuildPreviewPack (string,string,string,string,string,string,string) (at Assets/ArrowMagic/Editor/Campaign500FirstAssemblyPreviewBuilder.cs:207)
PixelBug.ArrowMagic.EditorTools.Campaign500FirstAssemblyPreviewBuilder:BuildRhythmV4FinalPreviewPack () (at Assets/ArrowMagic/Editor/Campaign500FirstAssemblyPreviewBuilder.cs:80)

(Filename: Assets/ArrowMagic/Editor/Campaign500FirstAssemblyPreviewBuilder.cs Line: 304)

Asset Pipeline Refresh (id=d4cf87412a7167c46bf8af8a382af24f): Total: 0.061 seconds - Initiated by RefreshV2(ForceUpdate)
[Campaign500RhythmV4Final] Built Assets/ArrowMagic/SOData/Packs/Campaign500/Campaign500FirstAssemblyRhythmV4FinalPreviewPack.asset with 500 levels. manifestLoaded=333, baseFallback=167
UnityEngine.StackTraceUtility:ExtractStackTrace ()
UnityEngine.DebugLogHandler:LogFormat (UnityEngine.LogType,UnityEngine.Object,string,object[])
UnityEngine.Logger:Log (UnityEngine.LogType,object)
UnityEngine.Debug:Log (object)
PixelBug.ArrowMagic.EditorTools.Campaign500FirstAssemblyPreviewBuilder:BuildPreviewPack (string,string,string,string,string,string,string) (at Assets/ArrowMagic/Editor/Campaign500FirstAssemblyPreviewBuilder.cs:224)
PixelBug.ArrowMagic.EditorTools.Campaign500FirstAssemblyPreviewBuilder:BuildRhythmV4FinalPreviewPack () (at Assets/ArrowMagic/Editor/Campaign500FirstAssemblyPreviewBuilder.cs:80)

(Filename: Assets/ArrowMagic/Editor/Campaign500FirstAssemblyPreviewBuilder.cs Line: 224)

Batchmode quit successfully invoked - shutting down!
[PhysX] Initialized MultithreadedTaskDispatcher with 16 workers.
Input System module state changed to: ShutdownInProgress.
Input System polling thread exited.
Input System module state changed to: Shutdown.
[Licensing::IpcConnector] LicenseClient-admin-notifications channel disconnected successfully.
[Licensing::IpcConnector] LicenseClient-admin channel disconnected successfully.
Cleanup mono
abort_threads: Failed aborting id: 0000000000005954, mono_thread_manage will ignore it

abort_threads: Failed aborting id: 0000000000001E50, mono_thread_manage will ignore it

abort_threads: Failed aborting id: 0000000000005954, mono_thread_manage will ignore it

abort_threads: Failed aborting id: 0000000000001E50, mono_thread_manage will ignore it

debugger-agent: Unable to listen on 5160
[Performance] WinEditorMain                                                                                                  :        1 samples, Peak.  5.87 s (1.0x), Avg.  5.87 s, Total. 5.875 s (17.2%)
[Performance] WinEditorMain.ConfigureCrashHandler                                                                            :        1 samples, Peak.  18.6 us (1.0x), Avg.  18.6 us, Total. 18.60 us (0.0%)
[Performance] WinEditorMain.CurlRequestInitialize                                                                            :        1 samples, Peak.   400 us (1.0x), Avg.   400 us, Total. 399.8 us (0.0%)
[Performance] WinEditorMain.SetupLogFile                                                                                     :        1 samples, Peak.  3.04 s (1.0x), Avg.  3.04 s, Total. 3.040 s (8.9%)
[Performance] WinEditorMain.RunNativeTestsIfRequiredAndExit                                                                  :        1 samples, Peak.   400 ns (1.0x), Avg.   400 ns, Total. 400.0 ns (0.0%)
[Performance] WinEditorMain.Licensing                                                                                        :        1 samples, Peak.  2.78 s (1.0x), Avg.  2.78 s, Total. 2.779 s (8.1%)
[Performance] WinEditorMain.InitializeCrashHandler                                                                           :        1 samples, Peak.  13.3 ms (1.0x), Avg.  13.3 ms, Total. 13.32 ms (0.0%)
[Performance] WinEditorMain.CreateApplication                                                                                :        1 samples, Peak.   503 us (1.0x), Avg.   503 us, Total. 502.6 us (0.0%)
[Performance] Application.InitializeProject                                                                                  :        1 samples, Peak.  24.9 s (1.0x), Avg.  24.9 s, Total. 24.86 s (72.7%)
[Performance] Application.PackageManager.StartServer                                                                         :        1 samples, Peak.  30.1 ms (1.0x), Avg.  30.1 ms, Total. 30.05 ms (0.1%)
[Performance] Application.AcquireProjectLock                                                                                 :        1 samples, Peak.  28.2 ms (1.0x), Avg.  28.2 ms, Total. 28.20 ms (0.1%)
[Performance] Application.InitializeEngineNoGraphics                                                                         :        1 samples, Peak.  69.3 ms (1.0x), Avg.  69.3 ms, Total. 69.27 ms (0.2%)
[Performance] Application.PackageManager.Initialize                                                                          :        1 samples, Peak.   430 ms (1.0x), Avg.   430 ms, Total. 430.2 ms (1.3%)
[Performance] Connecting to Package Manager                                                                                  :       44 samples, Peak.  54.0 us (22.0x), Avg.  2.45 us, Total. 107.9 us (0.0%)
[Performance] Application.EngineGraphics.Initialize                                                                          :        1 samples, Peak.   234 ms (1.0x), Avg.   234 ms, Total. 233.8 ms (0.7%)
[Performance] Application.GI.Initialize                                                                                      :        1 samples, Peak.  3.05 ms (1.0x), Avg.  3.05 ms, Total. 3.046 ms (0.0%)
[Performance] Application.LoadAllDefaultResourcesFromEditor                                                                  :        1 samples, Peak.  1.80 ms (1.0x), Avg.  1.80 ms, Total. 1.796 ms (0.0%)
[Performance] Application.LoadMonoAssemblies                                                                                 :        1 samples, Peak.   587 ms (1.0x), Avg.   587 ms, Total. 586.6 ms (1.7%)
[Performance] RestoreManagedReferences                                                                                       :        2 samples, Peak.  61.0 ms (2.0x), Avg.  30.5 ms, Total. 60.96 ms (0.2%)
[Performance] InitializeOnLoad DrivenRectTransformUndo                                                                       :        2 samples, Peak.   455 us (1.1x), Avg.   431 us, Total. 861.4 us (0.0%)
[Performance] InitializeOnLoad SceneSearch                                                                                   :        2 samples, Peak.   207 us (1.3x), Avg.   155 us, Total. 309.8 us (0.0%)
[Performance] InitializeOnLoad CloudBuild                                                                                    :        2 samples, Peak.  8.00 us (1.4x), Avg.  5.75 us, Total. 11.50 us (0.0%)
[Performance] InitializeOnLoad NativeFormatImporterUtility                                                                   :        2 samples, Peak.  2.66 ms (1.1x), Avg.  2.39 ms, Total. 4.780 ms (0.0%)
[Performance] InitializeOnLoad SearchService                                                                                 :        2 samples, Peak.   111 us (1.1x), Avg.   102 us, Total. 204.7 us (0.0%)
[Performance] InitializeOnLoad SettingsService                                                                               :        2 samples, Peak.  10.1 us (1.2x), Avg.  8.35 us, Total. 16.70 us (0.0%)
[Performance] InitializeOnLoad WindowLayout                                                                                  :        2 samples, Peak.   777 us (1.0x), Avg.   773 us, Total. 1.546 ms (0.0%)
[Performance] InitializeOnLoad AssetStoreContext                                                                             :        2 samples, Peak.  27.7 ms (1.0x), Avg.  27.4 ms, Total. 54.72 ms (0.2%)
[Performance] InitializeOnLoad PoolManager                                                                                   :        2 samples, Peak.   609 us (1.1x), Avg.   574 us, Total. 1.148 ms (0.0%)
[Performance] InitializeOnLoad MixerEffectDefinitionReloader                                                                 :        2 samples, Peak.  2.27 ms (1.1x), Avg.  2.04 ms, Total. 4.076 ms (0.0%)
[Performance] InitializeOnLoad ProjectSearch                                                                                 :        2 samples, Peak.  75.1 us (1.1x), Avg.  69.9 us, Total. 139.8 us (0.0%)
[Performance] InitializeOnLoad UISystemProfilerRenderService                                                                 :        2 samples, Peak.  10.6 us (1.2x), Avg.  9.10 us, Total. 18.20 us (0.0%)
[Performance] InitializeOnLoad EditMode                                                                                      :        2 samples, Peak.   407 us (1.0x), Avg.   407 us, Total. 813.3 us (0.0%)
[Performance] InitializeOnLoad UnityConnect                                                                                  :        2 samples, Peak.  56.9 us (1.0x), Avg.  55.4 us, Total. 110.7 us (0.0%)
[Performance] InitializeOnLoad ManagedDebugger                                                                               :        2 samples, Peak.   680 us (1.0x), Avg.   653 us, Total. 1.306 ms (0.0%)
[Performance] InitializeOnLoad ShortcutIntegration                                                                           :        2 samples, Peak.  64.7 us (1.0x), Avg.  62.3 us, Total. 124.6 us (0.0%)
[Performance] InitializeOnLoad AddComponentWindow                                                                            :        2 samples, Peak.   123 us (1.1x), Avg.   109 us, Total. 218.6 us (0.0%)
[Performance] InitializeOnLoad ManagedDebuggerWindow                                                                         :        2 samples, Peak.   143 us (1.1x), Avg.   132 us, Total. 264.1 us (0.0%)
[Performance] InitializeOnLoad CacheServerWindow                                                                             :        2 samples, Peak.  14.2 us (1.4x), Avg.  10.1 us, Total. 20.20 us (0.0%)
[Performance] InitializeOnLoad PlayModeDownload                                                                              :        2 samples, Peak.  7.37 ms (1.9x), Avg.  3.78 ms, Total. 7.569 ms (0.0%)
[Performance] InitializeOnLoad MenuItems                                                                                     :        2 samples, Peak.  89.4 us (1.0x), Avg.  88.6 us, Total. 177.2 us (0.0%)
[Performance] InitializeOnLoad PrefabInstanceChangedListener                                                                 :        2 samples, Peak.   153 us (1.1x), Avg.   140 us, Total. 279.2 us (0.0%)
[Performance] InitializeOnLoad ObjectSelectorSearch                                                                          :        2 samples, Peak.  98.3 us (1.5x), Avg.  67.6 us, Total. 135.2 us (0.0%)
[Performance] InitializeOnLoad EditorMonitor                                                                                 :        2 samples, Peak.   748 us (1.2x), Avg.   630 us, Total. 1.260 ms (0.0%)
[Performance] InitializeOnLoad RetainedMode                                                                                  :        2 samples, Peak.  2.73 ms (1.1x), Avg.  2.38 ms, Total. 4.762 ms (0.0%)
[Performance] InitializeOnLoad EditorShaderLoader                                                                            :        2 samples, Peak.   878 us (1.2x), Avg.   741 us, Total. 1.483 ms (0.0%)
[Performance] InitializeOnLoad EditorDelegateRegistration                                                                    :        2 samples, Peak.   661 us (1.3x), Avg.   526 us, Total. 1.052 ms (0.0%)
[Performance] InitializeOnLoad UIDocumentHierarchyWatcher                                                                    :        2 samples, Peak.  97.1 us (1.1x), Avg.  85.2 us, Total. 170.4 us (0.0%)
[Performance] InitializeOnLoad LiveReloadTrackerCreator                                                                      :        2 samples, Peak.   232 us (1.3x), Avg.   175 us, Total. 350.6 us (0.0%)
[Performance] InitializeOnLoad UxmlObjectEditorFactories                                                                     :        2 samples, Peak.   579 us (1.2x), Avg.   472 us, Total. 944.8 us (0.0%)
[Performance] InitializeOnLoad UXMLEditorFactories                                                                           :        2 samples, Peak.  95.0 ms (1.2x), Avg.  77.7 ms, Total. 155.5 ms (0.5%)
[Performance] InitializeOnLoad PurchasingService                                                                             :        2 samples, Peak.  7.89 ms (1.1x), Avg.  7.06 ms, Total. 14.11 ms (0.0%)
[Performance] InitializeOnLoad CloudBuildPoller                                                                              :        2 samples, Peak.   135 us (1.2x), Avg.   116 us, Total. 231.4 us (0.0%)
[Performance] InitializeOnLoad EditorGameServicesAnalytics                                                                   :        2 samples, Peak.  2.64 ms (1.5x), Avg.  1.73 ms, Total. 3.462 ms (0.0%)
[Performance] InitializeOnLoad AnalyticsService                                                                              :        2 samples, Peak.   210 us (1.1x), Avg.   191 us, Total. 382.8 us (0.0%)
[Performance] InitializeOnLoad BuildService                                                                                  :        2 samples, Peak.   179 us (1.1x), Avg.   166 us, Total. 331.8 us (0.0%)
[Performance] InitializeOnLoad AdsService                                                                                    :        2 samples, Peak.   469 us (1.1x), Avg.   426 us, Total. 852.1 us (0.0%)
[Performance] InitializeOnLoad UDPService                                                                                    :        2 samples, Peak.   200 us (1.1x), Avg.   178 us, Total. 356.5 us (0.0%)
[Performance] InitializeOnLoad CrashService                                                                                  :        2 samples, Peak.   203 us (1.2x), Avg.   175 us, Total. 349.7 us (0.0%)
[Performance] InitializeOnLoad ServicesRepository                                                                            :        2 samples, Peak.   700 ns (1.2x), Avg.   600 ns, Total. 1.200 us (0.0%)
[Performance] InitializeOnLoad SearchWindow                                                                                  :        2 samples, Peak.   171 us (1.3x), Avg.   135 us, Total. 270.2 us (0.0%)
[Performance] InitializeOnLoad CustomIndexers                                                                                :        2 samples, Peak.  18.5 ms (1.0x), Avg.  18.0 ms, Total. 35.91 ms (0.1%)
[Performance] InitializeOnLoad SearchMonitor                                                                                 :        2 samples, Peak.  1.21 ms (1.2x), Avg.   977 us, Total. 1.954 ms (0.0%)
[Performance] InitializeOnLoad ParameterControllerEditor                                                                     :        2 samples, Peak.  15.8 us (1.0x), Avg.  15.3 us, Total. 30.70 us (0.0%)
[Performance] InitializeOnLoad LayerSettingsWindow                                                                           :        2 samples, Peak.  29.0 us (1.8x), Avg.  16.4 us, Total. 32.80 us (0.0%)
[Performance] InitializeOnLoad PackageManagerHookGUIDConverter.RegisterPackagesEventHandler                                  :        2 samples, Peak.   837 us (1.7x), Avg.   500 us, Total. 999.6 us (0.0%)
[Performance] InitializeOnLoad EditorDragAndDrop.RegisterEditorClient                                                        :        2 samples, Peak.   288 us (1.2x), Avg.   245 us, Total. 489.2 us (0.0%)
[Performance] InitializeOnLoad EditorEventCallbacks.InitializeFontAssetResourceChangeCallBacks                               :        2 samples, Peak.  1.63 ms (1.2x), Avg.  1.40 ms, Total. 2.809 ms (0.0%)
[Performance] InitializeOnLoad SceneTemplateService.Init                                                                     :        2 samples, Peak.  1.46 ms (1.1x), Avg.  1.30 ms, Total. 2.603 ms (0.0%)
[Performance] InitializeOnLoad DiagnosticSwitchesConsoleMessage.Init                                                         :        2 samples, Peak.  6.23 ms (1.7x), Avg.  3.66 ms, Total. 7.330 ms (0.0%)
[Performance] InitializeOnLoad PackageManagerWindow.EditorInitializedInSafeMode                                              :        2 samples, Peak.  30.7 ms (2.0x), Avg.  15.5 ms, Total. 30.96 ms (0.1%)
[Performance] InitializeOnLoad ToolShortcutContext.Init                                                                      :        2 samples, Peak.   234 us (1.1x), Avg.   205 us, Total. 409.4 us (0.0%)
[Performance] InitializeOnLoad MemoryProfilerCompilationGuard.InjectCompileGuard                                             :        2 samples, Peak.   188 us (1.2x), Avg.   157 us, Total. 313.5 us (0.0%)
[Performance] InitializeOnLoad AssetPostprocessingInternal.RefreshCustomDependencies                                         :        2 samples, Peak.  3.31 ms (1.1x), Avg.  2.89 ms, Total. 5.778 ms (0.0%)
[Performance] InitializeOnLoad SysrootManager.Initialize                                                                     :        2 samples, Peak.   575 us (1.1x), Avg.   528 us, Total. 1.056 ms (0.0%)
[Performance] InitializeOnLoad ScopedRegistryAddedPopup.SubscribeToRegistriesAdded                                           :        2 samples, Peak.  11.6 ms (2.0x), Avg.  5.86 ms, Total. 11.73 ms (0.0%)
[Performance] InitializeOnLoad SceneVisibilityManager.Initialize                                                             :        2 samples, Peak.  4.75 ms (1.6x), Avg.  3.04 ms, Total. 6.088 ms (0.0%)
[Performance] InitializeOnLoad EditorWindow.Initialize                                                                       :        2 samples, Peak.   304 us (1.2x), Avg.   262 us, Total. 524.6 us (0.0%)
[Performance] AssemblyReloadEvents.afterAssemblyReload: UnityEditor.SceneTemplate.SceneTemplateService.AfterAssemblyReload   :        2 samples, Peak.  5.36 ms (1.9x), Avg.  2.81 ms, Total. 5.628 ms (0.0%)
[Performance] ProcessService.EditorAfterLoadAllAssemblies                                                                    :        2 samples, Peak.   573 us (1.4x), Avg.   398 us, Total. 796.3 us (0.0%)
[Performance] Application.ReadLicenseInfo                                                                                    :        1 samples, Peak.  13.2 ms (1.0x), Avg.  13.2 ms, Total. 13.21 ms (0.0%)
[Performance] Application.InitialRefresh                                                                                     :        1 samples, Peak.  17.5 s (1.0x), Avg.  17.5 s, Total. 17.54 s (51.3%)
[Performance] ShaderImporter.SourceAssetModified                                                                             :        4 samples, Peak.  1.20 us (1.5x), Avg.   800 ns, Total. 3.200 us (0.0%)
[Performance] ShaderIncludeImporter.SourceAssetModified                                                                      :        4 samples, Peak.   900 ns (1.3x), Avg.   675 ns, Total. 2.700 us (0.0%)
[Performance] Compiling Scripts                                                                                              :        1 samples, Peak.  11.0 s (1.0x), Avg.  11.0 s, Total. 10.97 s (32.1%)
[Performance] AssemblyReloadEvents.beforeAssemblyReload: UnityEditor.SceneTemplate.SceneTemplateService.BeforeAssemblyReload :        1 samples, Peak.   807 us (1.0x), Avg.   807 us, Total. 806.9 us (0.0%)
[Performance] PSDImporterAssetPostProcessor.OnPreprocessAsset                                                                :        4 samples, Peak.  1.13 ms (3.9x), Avg.   291 us, Total. 1.164 ms (0.0%)
[Performance] PresetManagerPostProcessor.OnPreprocessAsset                                                                   :        4 samples, Peak.   215 us (3.6x), Avg.  59.5 us, Total. 238.0 us (0.0%)
[Performance] CancelSplashScreenOnAssetChange.OnPreprocessAsset                                                              :        4 samples, Peak.   126 us (3.8x), Avg.  33.1 us, Total. 132.3 us (0.0%)
[Performance] SpritePostProcess.OnPreprocessAsset                                                                            :        4 samples, Peak.  1.84 ms (3.9x), Avg.   473 us, Total. 1.891 ms (0.0%)
[Performance] InitializeOnLoad DirectArchitecturePreviewAutoRunner                                                           :        1 samples, Peak.   206 us (1.0x), Avg.   206 us, Total. 205.6 us (0.0%)
[Performance] InitializeOnLoad BurstLoader                                                                                   :        1 samples, Peak.  1.79 s (1.0x), Avg.  1.79 s, Total. 1.788 s (5.2%)
[Performance] InitializeOnLoad BackgroundWatcher                                                                             :        1 samples, Peak.   368 us (1.0x), Avg.   368 us, Total. 367.7 us (0.0%)
[Performance] InitializeOnLoad UnityTestProtocolStarter                                                                      :        1 samples, Peak.   280 us (1.0x), Avg.   280 us, Total. 279.7 us (0.0%)
[Performance] InitializeOnLoad TestStarter                                                                                   :        1 samples, Peak.  1.01 ms (1.0x), Avg.  1.01 ms, Total. 1.007 ms (0.0%)
[Performance] InitializeOnLoad RerunCallbackInitializer                                                                      :        1 samples, Peak.  4.48 ms (1.0x), Avg.  4.48 ms, Total. 4.484 ms (0.0%)
[Performance] InitializeOnLoad EditorToolManager                                                                             :        1 samples, Peak.  4.36 ms (1.0x), Avg.  4.36 ms, Total. 4.365 ms (0.0%)
[Performance] InitializeOnLoad VSUsageUtility                                                                                :        1 samples, Peak.  82.9 ms (1.0x), Avg.  82.9 ms, Total. 82.93 ms (0.2%)
[Performance] InitializeOnLoad VisualStudioEditor                                                                            :        1 samples, Peak.  20.0 ms (1.0x), Avg.  20.0 ms, Total. 19.98 ms (0.1%)
[Performance] InitializeOnLoad TestRunnerApiListener                                                                         :        1 samples, Peak.  1.01 ms (1.0x), Avg.  1.01 ms, Total. 1.015 ms (0.0%)
[Performance] InitializeOnLoad VisualStudioIntegration                                                                       :        1 samples, Peak.  5.23 ms (1.0x), Avg.  5.23 ms, Total. 5.227 ms (0.0%)
[Performance] InitializeOnLoad PrefabLayoutRebuilder                                                                         :        1 samples, Peak.   390 us (1.0x), Avg.   390 us, Total. 390.2 us (0.0%)
[Performance] InitializeOnLoad SpriteSkinCompositeStartup                                                                    :        1 samples, Peak.  30.8 ms (1.0x), Avg.  30.8 ms, Total. 30.81 ms (0.1%)
[Performance] InitializeOnLoad RiderScriptEditor                                                                             :        1 samples, Peak.  9.44 ms (1.0x), Avg.  9.44 ms, Total. 9.437 ms (0.0%)
[Performance] InitializeOnLoad CallbackInitializer                                                                           :        1 samples, Peak.  2.13 ms (1.0x), Avg.  2.13 ms, Total. 2.128 ms (0.0%)
[Performance] InitializeOnLoad SpriteEditorWindow                                                                            :        1 samples, Peak.   726 us (1.0x), Avg.   726 us, Total. 725.7 us (0.0%)
[Performance] InitializeOnLoad PlasticPlugin                                                                                 :        1 samples, Peak.  86.6 ms (1.0x), Avg.  86.6 ms, Total. 86.60 ms (0.3%)
[Performance] InitializeOnLoad UnityAnalyticsStorage                                                                         :        1 samples, Peak.   412 us (1.0x), Avg.   412 us, Total. 412.1 us (0.0%)
[Performance] InitializeOnLoad BoneGizmoInitializer                                                                          :        1 samples, Peak.  4.40 ms (1.0x), Avg.  4.40 ms, Total. 4.395 ms (0.0%)
[Performance] InitializeOnLoad Analytics                                                                                     :        1 samples, Peak.   404 us (1.0x), Avg.   404 us, Total. 403.6 us (0.0%)
[Performance] InitializeOnLoad ToolbarBootstrap                                                                              :        1 samples, Peak.  64.3 ms (1.0x), Avg.  64.3 ms, Total. 64.28 ms (0.2%)
[Performance] InitializeOnLoad BackgroundImport                                                                              :        1 samples, Peak.   169 us (1.0x), Avg.   169 us, Total. 169.4 us (0.0%)
[Performance] InitializeOnLoad SceneDragAndDrop                                                                              :        1 samples, Peak.   211 us (1.0x), Avg.   211 us, Total. 211.1 us (0.0%)
[Performance] InitializeOnLoad SpriteShapeUpdateCache                                                                        :        1 samples, Peak.   574 us (1.0x), Avg.   574 us, Total. 574.1 us (0.0%)
[Performance] InitializeOnLoad SpriteShapeUnityAnalyticsStorage                                                              :        1 samples, Peak.  27.9 us (1.0x), Avg.  27.9 us, Total. 27.90 us (0.0%)
[Performance] InitializeOnLoad IKEditorManager.CreateInstance                                                                :        1 samples, Peak.  2.28 ms (1.0x), Avg.  2.28 ms, Total. 2.279 ms (0.0%)
[Performance] InitializeOnLoad $BurstDirectCallInitializer.Initialize                                                        :        7 samples, Peak.  44.4 ms (4.7x), Avg.  9.53 ms, Total. 66.72 ms (0.2%)
[Performance] InitializeOnLoad SceneViewGridManager.Initialize                                                               :        1 samples, Peak.  8.93 ms (1.0x), Avg.  8.93 ms, Total. 8.930 ms (0.0%)
[Performance] InitializeOnLoad TilemapPrefabStageHelper.Initialize                                                           :        1 samples, Peak.  2.30 ms (1.0x), Avg.  2.30 ms, Total. 2.305 ms (0.0%)
[Performance] InitializeOnLoad SceneViewOpenTilePaletteHelper.Initialize                                                     :        1 samples, Peak.  1.88 ms (1.0x), Avg.  1.88 ms, Total. 1.878 ms (0.0%)
[Performance] InitializeOnLoad TileDragAndDropManager.Initialize                                                             :        1 samples, Peak.  1.30 ms (1.0x), Avg.  1.30 ms, Total. 1.299 ms (0.0%)
[Performance] InitializeOnLoad BackgroundImport.Setup                                                                        :        1 samples, Peak.  1.99 ms (1.0x), Avg.  1.99 ms, Total. 1.986 ms (0.0%)
[Performance] InitializeOnLoad TestJobDataHolder.ResumeRunningJobs                                                           :        1 samples, Peak.  1.67 ms (1.0x), Avg.  1.67 ms, Total. 1.666 ms (0.0%)
[Performance] InitializeOnLoad AnalyticsReporter.RegisterCallbacks                                                           :        1 samples, Peak.   429 us (1.0x), Avg.   429 us, Total. 429.4 us (0.0%)
[Performance] InitializeOnLoad VisualStudioEditor.LegacyVisualStudioCodePackageDisabler                                      :        1 samples, Peak.   767 us (1.0x), Avg.   767 us, Total. 766.6 us (0.0%)
[Performance] DidReloadScriptsTestRunnerWindow.CompilationCallback                                                           :        1 samples, Peak.   575 us (1.0x), Avg.   575 us, Total. 574.9 us (0.0%)
[Performance] DidReloadScriptsTestListCache.ScriptReloaded                                                                   :        1 samples, Peak.  1.96 ms (1.0x), Avg.  1.96 ms, Total. 1.960 ms (0.0%)
[Performance] DidReloadScriptsAdvancedDropdownWindow.OnScriptReload                                                          :        1 samples, Peak.   319 us (1.0x), Avg.   319 us, Total. 318.9 us (0.0%)
[Performance] AssemblyReloadEvents.afterAssemblyReload: UnityEditor.U2D.Animation.BoneGizmo.OnAfterAssemblyReload            :        1 samples, Peak.  1.15 ms (1.0x), Avg.  1.15 ms, Total. 1.149 ms (0.0%)
[Performance] AssetDatabase.ImportAssets                                                                                     :        8 samples, Peak.  1.10 us (2.1x), Avg.   512 ns, Total. 4.100 us (0.0%)
[Performance] VersionControl.Task.Wait                                                                                       :        1 samples, Peak.  9.20 us (1.0x), Avg.  9.20 us, Total. 9.200 us (0.0%)
[Performance] TMPro_TexturePostProcessor.OnPostprocessAllAssets                                                              :        8 samples, Peak.   916 us (4.1x), Avg.   226 us, Total. 1.806 ms (0.0%)
[Performance] AssetPostprocessor.OnPostprocessAllAssets                                                                      :        8 samples, Peak.  1.14 ms (4.0x), Avg.   286 us, Total. 2.285 ms (0.0%)
[Performance] BuilderAssetPostprocessor.OnPostprocessAllAssets                                                               :        8 samples, Peak.  6.69 ms (3.9x), Avg.  1.70 ms, Total. 13.59 ms (0.0%)
[Performance] ArtifactBrowserPostProcessor.OnPostprocessAllAssets                                                            :        8 samples, Peak.   762 us (3.9x), Avg.   193 us, Total. 1.543 ms (0.0%)
[Performance] AssetEvents.OnPostprocessAllAssets                                                                             :       16 samples, Peak.   179 us (5.0x), Avg.  36.0 us, Total. 576.6 us (0.0%)
[Performance] AudioMixerPostprocessor.OnPostprocessAllAssets                                                                 :        8 samples, Peak.   481 us (4.0x), Avg.   122 us, Total. 972.4 us (0.0%)
[Performance] StyleCatalogPostProcessor.OnPostprocessAllAssets                                                               :        8 samples, Peak.  80.1 ms (4.0x), Avg.  20.0 ms, Total. 160.3 ms (0.5%)
[Performance] BuildCatalog                                                                                                   :        1 samples, Peak.  78.1 ms (1.0x), Avg.  78.1 ms, Total. 78.15 ms (0.2%)
[Performance] ModelImporterPostProcessor.OnPostprocessAllAssets                                                              :        8 samples, Peak.   976 us (3.8x), Avg.   255 us, Total. 2.039 ms (0.0%)
[Performance] RetainedModeAssetPostprocessor.OnPostprocessAllAssets                                                          :        8 samples, Peak.  2.19 ms (3.9x), Avg.   558 us, Total. 4.463 ms (0.0%)
[Performance] AssetChangedListener.OnPostprocessAllAssets                                                                    :        8 samples, Peak.  1.14 ms (3.3x), Avg.   352 us, Total. 2.812 ms (0.0%)
[Performance] SpeedTreePostProcessor.OnPostprocessAllAssets                                                                  :        8 samples, Peak.   192 us (3.3x), Avg.  59.0 us, Total. 471.9 us (0.0%)
[Performance] TextAssetPostProcessor.OnPostprocessAllAssets                                                                  :        8 samples, Peak.   368 us (3.7x), Avg.   101 us, Total. 805.5 us (0.0%)
[Performance] AssetProcessor.OnPostprocessAllAssets                                                                          :       24 samples, Peak.  1.18 ms (6.0x), Avg.   195 us, Total. 4.673 ms (0.0%)
[Performance] SpriteLibraryAssetPostprocessor.OnPostprocessAllAssets                                                         :        8 samples, Peak.   218 us (3.9x), Avg.  56.7 us, Total. 453.4 us (0.0%)
[Performance] PSDImporterAssetPostProcessor.OnPostprocessAllAssets                                                           :        8 samples, Peak.  91.6 us (3.6x), Avg.  25.1 us, Total. 201.1 us (0.0%)
[Performance] PSDImportPostProcessor.OnPostprocessAllAssets                                                                  :        8 samples, Peak.   108 us (3.8x), Avg.  28.5 us, Total. 228.1 us (0.0%)
[Performance] SpriteEditorTexturePostprocessor.OnPostprocessAllAssets                                                        :        8 samples, Peak.   288 us (1.3x), Avg.   227 us, Total. 1.819 ms (0.0%)
[Performance] SpriteShapeAssetPostProcessor.OnPostprocessAllAssets                                                           :        8 samples, Peak.   524 us (2.4x), Avg.   216 us, Total. 1.726 ms (0.0%)
[Performance] SyncVS.PostprocessSyncProject                                                                                  :        4 samples, Peak.  3.76 ms (3.4x), Avg.  1.10 ms, Total. 4.398 ms (0.0%)
[Performance] Application.ImportPackagesAndSetTemplateWhenCreatingProject                                                    :        1 samples, Peak.  19.1 ms (1.0x), Avg.  19.1 ms, Total. 19.14 ms (0.1%)
[Performance] Application.SyncCurrentColorSpace                                                                              :        1 samples, Peak.   140 ms (1.0x), Avg.   140 ms, Total. 140.3 ms (0.4%)
[Performance] Application.OnUsbDevicesChanged                                                                                :        1 samples, Peak.  2.70 ms (1.0x), Avg.  2.70 ms, Total. 2.699 ms (0.0%)
[Performance] Application.AssetInstanceCacheUpdate                                                                           :        1 samples, Peak.   300 ns (1.0x), Avg.   300 ns, Total. 300.0 ns (0.0%)
[Performance] Application.UnityExtensions.Initialize                                                                         :        1 samples, Peak.  6.83 ms (1.0x), Avg.  6.83 ms, Total. 6.828 ms (0.0%)
[Performance] CodeEditorProjectSync.SyncEditorProject                                                                        :        1 samples, Peak.   209 ms (1.0x), Avg.   209 ms, Total. 208.7 ms (0.6%)
[Performance] Application.ExecuteStartups                                                                                    :        1 samples, Peak.  91.5 ms (1.0x), Avg.  91.5 ms, Total. 91.48 ms (0.3%)
[Performance] Menu.RegisterMenuInterface                                                                                     :       26 samples, Peak.  1.80 us (7.3x), Avg.   246 ns, Total. 6.400 us (0.0%)
[Performance] Gizmo.RebuildRenderers                                                                                         :        1 samples, Peak.  88.7 ms (1.0x), Avg.  88.7 ms, Total. 88.73 ms (0.3%)
[Performance] Gizmo.AddGizmoRenderers                                                                                        :       86 samples, Peak.  1.53 ms (49.0x), Avg.  31.2 us, Total. 2.679 ms (0.0%)
[Performance] Application.editorInitializingProject                                                                          :        1 samples, Peak.   193 ms (1.0x), Avg.   193 ms, Total. 193.2 ms (0.6%)
[Performance] Application.InitializeMenu                                                                                     :        1 samples, Peak.   160 ms (1.0x), Avg.   160 ms, Total. 160.0 ms (0.5%)
[Performance] Menu.RebuildAll                                                                                                :        1 samples, Peak.   160 ms (1.0x), Avg.   160 ms, Total. 159.9 ms (0.5%)
[Performance] Menu.BuildRegisteredMenuInterfaces                                                                             :        1 samples, Peak.   157 ms (1.0x), Avg.   157 ms, Total. 156.6 ms (0.5%)
[Performance] Menu.FilterMenuItem                                                                                            :      868 samples, Peak.   102 ms (864.2x), Avg.   118 us, Total. 102.2 ms (0.3%)
[Performance] UpdateAllMenus                                                                                                 :        1 samples, Peak.   664 us (1.0x), Avg.   664 us, Total. 664.0 us (0.0%)
[Performance] Menu.RebuildOSMainMenu                                                                                         :        2 samples, Peak.  3.35 ms (1.2x), Avg.  2.87 ms, Total. 5.732 ms (0.0%)
[Performance] EditorSceneManager.sceneClosing: UnityEditor.SceneVisibilityManager.EditorSceneManagerOnSceneClosing           :        2 samples, Peak.   290 us (2.0x), Avg.   147 us, Total. 294.8 us (0.0%)
[Performance] GUIView.RepaintAll.PlayerLoopController                                                                        :        1 samples, Peak.  1.10 us (1.0x), Avg.  1.10 us, Total. 1.100 us (0.0%)
[Performance] EditorSceneManager.newSceneCreated: UnityEditor.SceneTemplate.SceneTemplateService.OnNewSceneCreated           :        1 samples, Peak.   274 us (1.0x), Avg.   274 us, Total. 273.8 us (0.0%)
[Performance] EditorSceneManager.newSceneCreated: UnityEditor.SceneVisibilityManager.EditorSceneManagerOnNewSceneCreated     :        1 samples, Peak.   269 us (1.0x), Avg.   269 us, Total. 268.9 us (0.0%)
[Performance] EditorSceneManager.newSceneCreated: UnityEditor.SceneManagement.StageNavigationManager.OnNewSceneCreated       :        1 samples, Peak.  66.5 us (1.0x), Avg.  66.5 us, Total. 66.50 us (0.0%)
[Performance] Application.InvokeFinishedLoadingProject                                                                       :        1 samples, Peak.  20.5 ms (1.0x), Avg.  20.5 ms, Total. 20.53 ms (0.1%)
[Performance] ProcessService.OnProjectLoaded                                                                                 :        1 samples, Peak.  56.5 us (1.0x), Avg.  56.5 us, Total. 56.50 us (0.0%)
[Performance] AssetDatabase.Refresh                                                                                          :        2 samples, Peak.  61.2 ms (1.1x), Avg.  58.3 ms, Total. 116.6 ms (0.3%)
[Performance] PaletteAssetModificationProcessor.OnWillCreateAsset                                                            :        3 samples, Peak.   269 us (2.9x), Avg.  94.2 us, Total. 282.5 us (0.0%)
[Performance] BuilderAssetModificationProcessor.OnWillCreateAsset                                                            :        3 samples, Peak.   415 us (2.8x), Avg.   150 us, Total. 450.1 us (0.0%)
[Performance] EditorApplication.projectChanged: UnityEditor.Audio.MixerEffectDefinitionReloader.OnProjectChanged             :        1 samples, Peak.   489 us (1.0x), Avg.   489 us, Total. 489.0 us (0.0%)
[Performance] PaletteAssetModificationProcessor.OnWillSaveAssets                                                             :        4 samples, Peak.   117 us (3.3x), Avg.  35.6 us, Total. 142.2 us (0.0%)
[Performance] StateMacroSavedEvent.OnWillSaveAssets                                                                          :        4 samples, Peak.   161 us (3.4x), Avg.  47.5 us, Total. 189.9 us (0.0%)
[Performance] AssetModificationProcessor.OnWillSaveAssets                                                                    :        4 samples, Peak.   391 us (3.9x), Avg.  99.2 us, Total. 396.8 us (0.0%)
[Performance] UnityCloudProjectLinkMonitor.OnWillSaveAssets                                                                  :        4 samples, Peak.   282 us (3.9x), Avg.  71.5 us, Total. 286.1 us (0.0%)
[Performance] FlowMacroSavedEvent.OnWillSaveAssets                                                                           :        4 samples, Peak.   198 us (3.7x), Avg.  53.3 us, Total. 213.3 us (0.0%)
[Performance] BuilderAssetModificationProcessor.OnWillSaveAssets                                                             :        4 samples, Peak.   309 us (3.9x), Avg.  79.0 us, Total. 316.0 us (0.0%)
[Performance] TerrainModificationProcessor.OnWillSaveAssets                                                                  :        4 samples, Peak.   968 us (4.0x), Avg.   243 us, Total. 973.1 us (0.0%)
[Performance] AssetDatabase.ImportAsset                                                                                      :        2 samples, Peak.  66.9 ms (1.0x), Avg.  64.4 ms, Total. 128.7 ms (0.4%)
[Performance] EditorSceneManager.sceneOpening: UnityEditor.SceneVisibilityManager.EditorSceneManagerOnSceneOpening           :        1 samples, Peak.   217 us (1.0x), Avg.   217 us, Total. 217.1 us (0.0%)
[Performance] Inspector.InitOrRebuild                                                                                        :        1 samples, Peak.   492 us (1.0x), Avg.   492 us, Total. 491.6 us (0.0%)
[Performance] EditorSceneManager.sceneOpened: UnityEditor.SceneTemplate.SceneTemplateService.OnSceneOpened                   :        1 samples, Peak.   193 us (1.0x), Avg.   193 us, Total. 193.4 us (0.0%)
[Performance] EditorSceneManager.sceneOpened: UnityEditor.SceneVisibilityManager.EditorSceneManagerOnSceneOpened             :        1 samples, Peak.   126 us (1.0x), Avg.   126 us, Total. 125.9 us (0.0%)
[Performance] EditorSceneManager.sceneOpened: UnityEditor.SceneManagement.StageNavigationManager.OnSceneOpened               :        1 samples, Peak.  46.2 us (1.0x), Avg.  46.2 us, Total. 46.20 us (0.0%)
[Performance] EditorSceneManager.sceneSaving: callback in UnityEditor.U2D.SpriteShapeUpdateCache                             :        1 samples, Peak.  1.16 ms (1.0x), Avg.  1.16 ms, Total. 1.160 ms (0.0%)
[Performance] EditorSceneManager.sceneSaving: UnityEditor.SceneTemplate.SceneTemplateService.OnSceneSaving                   :        1 samples, Peak.   225 us (1.0x), Avg.   225 us, Total. 224.6 us (0.0%)
[Performance] EditorSceneManager.sceneSaving: UnityEditor.SceneVisibilityManager.EditorSceneManagerOnSceneSaving             :        1 samples, Peak.   104 us (1.0x), Avg.   104 us, Total. 104.0 us (0.0%)
[Performance] EditorSceneManager.sceneSaved: UnityEditor.SceneTemplate.SceneTemplateService.OnSceneSaved                     :        1 samples, Peak.  92.9 ms (1.0x), Avg.  92.9 ms, Total. 92.89 ms (0.3%)
[Performance] EditorSceneManager.sceneSaved: UnityEditor.SceneVisibilityManager.EditorSceneManagerOnSceneSaved               :        1 samples, Peak.   117 us (1.0x), Avg.   117 us, Total. 117.3 us (0.0%)
[Performance] EditorApplication.quitting: Unity.Burst.Editor.BurstLoader.OnEditorApplicationQuitting                         :        1 samples, Peak.  30.3 us (1.0x), Avg.  30.3 us, Total. 30.30 us (0.0%)
[Performance] EditorApplication.quitting: UnityEditor.Tilemaps.SceneViewGridManager.EditorQuitting                           :        1 samples, Peak.  82.0 us (1.0x), Avg.  82.0 us, Total. 82.00 us (0.0%)
[Performance] EditorApplication.quitting: callback in UnityEditor.TextCore.Text.EditorEventCallbacks                         :        1 samples, Peak.  14.7 ms (1.0x), Avg.  14.7 ms, Total. 14.74 ms (0.0%)
[Performance] Application.Shutdown.PauseProfilerSession                                                                      :        1 samples, Peak.  23.3 us (1.0x), Avg.  23.3 us, Total. 23.30 us (0.0%)
[Performance] Application.Shutdown.PauseAssetImportWorkers                                                                   :        1 samples, Peak.   355 us (1.0x), Avg.   355 us, Total. 354.5 us (0.0%)
[Performance] Application.Shutdown.SaveAssets                                                                                :        1 samples, Peak.  4.35 ms (1.0x), Avg.  4.35 ms, Total. 4.346 ms (0.0%)
[Performance] Application.Shutdown.CleanupRenderPipeline                                                                     :        1 samples, Peak.  6.60 us (1.0x), Avg.  6.60 us, Total. 6.600 us (0.0%)
[Performance] Application.Shutdown.StopPreloadManager                                                                        :        1 samples, Peak.  9.54 ms (1.0x), Avg.  9.54 ms, Total. 9.543 ms (0.0%)
[Performance] Application.Shutdown.DestroyWorld                                                                              :        1 samples, Peak.  7.62 ms (1.0x), Avg.  7.62 ms, Total. 7.625 ms (0.0%)
[Performance] Application.Shutdown.CleanupAfterLoad                                                                          :        1 samples, Peak.   165 ms (1.0x), Avg.   165 ms, Total. 164.6 ms (0.5%)
[Performance] Application.Shutdown.Progress                                                                                  :        1 samples, Peak.  7.30 us (1.0x), Avg.  7.30 us, Total. 7.300 us (0.0%)
[Performance] Application.Shutdown.GICleanupManagers                                                                         :        1 samples, Peak.   497 us (1.0x), Avg.   497 us, Total. 496.5 us (0.0%)
[Performance] Application.Shutdown.MenuCleanupClass                                                                          :        1 samples, Peak.   451 us (1.0x), Avg.   451 us, Total. 451.0 us (0.0%)
[Performance] Application.Shutdown.ADBSaveStateBeforeShutdown                                                                :        1 samples, Peak.  8.70 us (1.0x), Avg.  8.70 us, Total. 8.700 us (0.0%)
[Performance] Application.Shutdown.RemoteShutdown                                                                            :        1 samples, Peak.   900 ns (1.0x), Avg.   900 ns, Total. 900.0 ns (0.0%)
[Performance] Application.Shutdown.CleanupVCProvider                                                                         :        1 samples, Peak.  12.9 us (1.0x), Avg.  12.9 us, Total. 12.90 us (0.0%)
[Performance] Application.Shutdown.InputShutdown                                                                             :        1 samples, Peak.   700 ns (1.0x), Avg.   700 ns, Total. 700.0 ns (0.0%)
[Performance] Application.Shutdown.GizmoManagerDestroy                                                                       :        1 samples, Peak.   940 us (1.0x), Avg.   940 us, Total. 939.6 us (0.0%)
[Performance] Application.Shutdown.ProfilerSession                                                                           :        1 samples, Peak.   125 us (1.0x), Avg.   125 us, Total. 125.0 us (0.0%)
[Performance] Application.Shutdown.ReleaseGfxWindowOnAllGUIViews                                                             :        1 samples, Peak.   800 ns (1.0x), Avg.   800 ns, Total. 800.0 ns (0.0%)
[Performance] Application.Shutdown.CleanupEngine                                                                             :        1 samples, Peak.   138 ms (1.0x), Avg.   138 ms, Total. 137.8 ms (0.4%)
[Performance] Application.Shutdown.CleanupAssetDatabase                                                                      :        1 samples, Peak.  10.9 ms (1.0x), Avg.  10.9 ms, Total. 10.87 ms (0.0%)
[Performance] Application.Shutdown.ScriptCompilationCleanUp                                                                  :        1 samples, Peak.  16.1 ms (1.0x), Avg.  16.1 ms, Total. 16.10 ms (0.0%)
[Performance] Application.Shutdown.DestroyJobSystem                                                                          :        1 samples, Peak.   133 us (1.0x), Avg.   133 us, Total. 133.0 us (0.0%)
[Performance] Application.Shutdown.CleanupPersistentManager                                                                  :        1 samples, Peak.  1.89 ms (1.0x), Avg.  1.89 ms, Total. 1.887 ms (0.0%)
[Performance] Application.Shutdown.CleanupAsyncReadManager                                                                   :        1 samples, Peak.   466 us (1.0x), Avg.   466 us, Total. 466.3 us (0.0%)
[Performance] Application.Shutdown.CleanupProgressBar                                                                        :        1 samples, Peak.   300 ns (1.0x), Avg.   300 ns, Total. 300.0 ns (0.0%)
[Performance] Application.Shutdown.CleanupMono                                                                               :        1 samples, Peak.   123 ms (1.0x), Avg.   123 ms, Total. 123.2 ms (0.4%)
[Performance] Application.Shutdown.CleanupStdConverters                                                                      :        1 samples, Peak.  8.80 us (1.0x), Avg.  8.80 us, Total. 8.800 us (0.0%)
[Performance] Application.Shutdown.UnloadAllPlatformSupportModuleNativeDlls                                                  :        1 samples, Peak.  1.10 us (1.0x), Avg.  1.10 us, Total. 1.100 us (0.0%)
[Performance] Application.Shutdown.UnloadAllPlatformSupportNativeLibraries                                                   :        1 samples, Peak.   200 ns (1.0x), Avg.   200 ns, Total. 200.0 ns (0.0%)
[Performance] Application.Shutdown.CleanupAutoDocumentation                                                                  :        1 samples, Peak.   448 us (1.0x), Avg.   448 us, Total. 448.2 us (0.0%)
[Performance] Application.Shutdown.ShaderNameManagerDestroy                                                                  :        1 samples, Peak.  55.6 us (1.0x), Avg.  55.6 us, Total. 55.60 us (0.0%)
[Performance] Application.Shutdown.CleanupCacheServer                                                                        :        1 samples, Peak. 0.0 (-nan(ind)x), Avg. 0.0, Total. 0.0 (0.0%)
[Performance] Application.Shutdown.Virtualization_Shutdown                                                                   :        1 samples, Peak.   300 ns (1.0x), Avg.   300 ns, Total. 300.0 ns (0.0%)
[Performance] Application.Shutdown.DevConnections                                                                            :        1 samples, Peak.  69.1 us (1.0x), Avg.  69.1 us, Total. 69.10 us (0.0%)
Exiting batchmode successfully now!
Exiting without the bug reporter. Application will terminate with return code 0